<?xml version="1.0" encoding="UTF-8" standalone="yes"?><!DOCTYPE report PUBLIC "-//JACOCO//DTD Report 1.1//EN" "report.dtd"><report name="my-app"><sessioninfo id="DESKTOP-RRN9V2F-42b7c171" start="1687213051731" dump="1687213057674"/><sessioninfo id="DESKTOP-RRN9V2F-4c55296c" start="1687214085260" dump="1687214085678"/><sessioninfo id="DESKTOP-RRN9V2F-cbf53623" start="1687214112553" dump="1687214113091"/><package name="com/AdeAyme/superMarioBros/model/enemy"><class name="com/AdeAyme/superMarioBros/model/enemy/Enemy" sourcefilename="Enemy.java"><method name="&lt;init&gt;" desc="(DDLjava/awt/image/BufferedImage;)V" line="11"><counter type="INSTRUCTION" missed="0" covered="12"/><counter type="LINE" missed="0" covered="4"/><counter type="COMPLEXITY" missed="0" covered="1"/><counter type="METHOD" missed="0" covered="1"/></method><counter type="INSTRUCTION" missed="0" covered="12"/><counter type="LINE" missed="0" covered="4"/><counter type="COMPLEXITY" missed="0" covered="1"/><counter type="METHOD" missed="0" covered="1"/><counter type="CLASS" missed="0" covered="1"/></class><class name="com/AdeAyme/superMarioBros/model/enemy/Goomba" sourcefilename="Goomba.java"><method name="&lt;init&gt;" desc="(DDLjava/awt/image/BufferedImage;)V" line="15"><counter type="INSTRUCTION" missed="0" covered="9"/><counter type="LINE" missed="0" covered="3"/><counter type="COMPLEXITY" missed="0" covered="1"/><counter type="METHOD" missed="0" covered="1"/></method><method name="draw" desc="(Ljava/awt/Graphics;)V" line="22"><counter type="INSTRUCTION" missed="22" covered="0"/><counter type="BRANCH" missed="2" covered="0"/><counter type="LINE" missed="4" covered="0"/><counter type="COMPLEXITY" missed="2" covered="0"/><counter type="METHOD" missed="1" covered="0"/></method><method name="update" desc="()V" line="32"><counter type="INSTRUCTION" missed="9" covered="0"/><counter type="LINE" missed="3" covered="0"/><counter type="COMPLEXITY" missed="1" covered="0"/><counter type="METHOD" missed="1" covered="0"/></method><method name="setRightImage" desc="(Ljava/awt/image/BufferedImage;)V" line="38"><counter type="INSTRUCTION" missed="0" covered="4"/><counter type="LINE" missed="0" covered="2"/><counter type="COMPLEXITY" missed="0" covered="1"/><counter type="METHOD" missed="0" covered="1"/></method><counter type="INSTRUCTION" missed="31" covered="13"/><counter type="BRANCH" missed="2" covered="0"/><counter type="LINE" missed="7" covered="5"/><counter type="COMPLEXITY" missed="3" covered="2"/><counter type="METHOD" missed="2" covered="2"/><counter type="CLASS" missed="0" covered="1"/></class><class name="com/AdeAyme/superMarioBros/model/enemy/KoopaTroopa" sourcefilename="KoopaTroopa.java"><method name="&lt;init&gt;" desc="(DDLjava/awt/image/BufferedImage;)V" line="15"><counter type="INSTRUCTION" missed="0" covered="9"/><counter type="LINE" missed="0" covered="3"/><counter type="COMPLEXITY" missed="0" covered="1"/><counter type="METHOD" missed="0" covered="1"/></method><method name="draw" desc="(Ljava/awt/Graphics;)V" line="21"><counter type="INSTRUCTION" missed="22" covered="0"/><counter type="BRANCH" missed="2" covered="0"/><counter type="LINE" missed="4" covered="0"/><counter type="COMPLEXITY" missed="2" covered="0"/><counter type="METHOD" missed="1" covered="0"/></method><method name="update" desc="()V" line="31"><counter type="INSTRUCTION" missed="9" covered="0"/><counter type="LINE" missed="3" covered="0"/><counter type="COMPLEXITY" missed="1" covered="0"/><counter type="METHOD" missed="1" covered="0"/></method><method name="setRightImage" desc="(Ljava/awt/image/BufferedImage;)V" line="37"><counter type="INSTRUCTION" missed="0" covered="4"/><counter type="LINE" missed="0" covered="2"/><counter type="COMPLEXITY" missed="0" covered="1"/><counter type="METHOD" missed="0" covered="1"/></method><counter type="INSTRUCTION" missed="31" covered="13"/><counter type="BRANCH" missed="2" covered="0"/><counter type="LINE" missed="7" covered="5"/><counter type="COMPLEXITY" missed="3" covered="2"/><counter type="METHOD" missed="2" covered="2"/><counter type="CLASS" missed="0" covered="1"/></class><sourcefile name="Goomba.java"><line nr="15" mi="0" ci="5" mb="0" cb="0"/><line nr="16" mi="0" ci="3" mb="0" cb="0"/><line nr="18" mi="0" ci="1" mb="0" cb="0"/><line nr="22" mi="5" ci="0" mb="2" cb="0"/><line nr="23" mi="13" ci="0" mb="0" cb="0"/><line nr="26" mi="3" ci="0" mb="0" cb="0"/><line nr="27" mi="1" ci="0" mb="0" cb="0"/><line nr="32" mi="5" ci="0" mb="0" cb="0"/><line nr="34" mi="3" ci="0" mb="0" cb="0"/><line nr="35" mi="1" ci="0" mb="0" cb="0"/><line nr="38" mi="0" ci="3" mb="0" cb="0"/><line nr="39" mi="0" ci="1" mb="0" cb="0"/><counter type="INSTRUCTION" missed="31" covered="13"/><counter type="BRANCH" missed="2" covered="0"/><counter type="LINE" missed="7" covered="5"/><counter type="COMPLEXITY" missed="3" covered="2"/><counter type="METHOD" missed="2" covered="2"/><counter type="CLASS" missed="0" covered="1"/></sourcefile><sourcefile name="KoopaTroopa.java"><line nr="15" mi="0" ci="5" mb="0" cb="0"/><line nr="16" mi="0" ci="3" mb="0" cb="0"/><line nr="17" mi="0" ci="1" mb="0" cb="0"/><line nr="21" mi="5" ci="0" mb="2" cb="0"/><line nr="22" mi="13" ci="0" mb="0" cb="0"/><line nr="25" mi="3" ci="0" mb="0" cb="0"/><line nr="26" mi="1" ci="0" mb="0" cb="0"/><line nr="31" mi="5" ci="0" mb="0" cb="0"/><line nr="33" mi="3" ci="0" mb="0" cb="0"/><line nr="34" mi="1" ci="0" mb="0" cb="0"/><line nr="37" mi="0" ci="3" mb="0" cb="0"/><line nr="38" mi="0" ci="1" mb="0" cb="0"/><counter type="INSTRUCTION" missed="31" covered="13"/><counter type="BRANCH" missed="2" covered="0"/><counter type="LINE" missed="7" covered="5"/><counter type="COMPLEXITY" missed="3" covered="2"/><counter type="METHOD" missed="2" covered="2"/><counter type="CLASS" missed="0" covered="1"/></sourcefile><sourcefile name="Enemy.java"><line nr="11" mi="0" ci="5" mb="0" cb="0"/><line nr="12" mi="0" ci="3" mb="0" cb="0"/><line nr="13" mi="0" ci="3" mb="0" cb="0"/><line nr="14" mi="0" ci="1" mb="0" cb="0"/><counter type="INSTRUCTION" missed="0" covered="12"/><counter type="LINE" missed="0" covered="4"/><counter type="COMPLEXITY" missed="0" covered="1"/><counter type="METHOD" missed="0" covered="1"/><counter type="CLASS" missed="0" covered="1"/></sourcefile><counter type="INSTRUCTION" missed="62" covered="38"/><counter type="BRANCH" missed="4" covered="0"/><counter type="LINE" missed="14" covered="14"/><counter type="COMPLEXITY" missed="6" covered="5"/><counter type="METHOD" missed="4" covered="5"/><counter type="CLASS" missed="0" covered="3"/></package><package name="com/AdeAyme/superMarioBros/model/prize"><class name="com/AdeAyme/superMarioBros/model/prize/OneUpMushroom" sourcefilename="OneUpMushroom.java"><method name="&lt;init&gt;" desc="(DDLjava/awt/image/BufferedImage;)V" line="11"><counter type="INSTRUCTION" missed="0" covered="9"/><counter type="LINE" missed="0" covered="3"/><counter type="COMPLEXITY" missed="0" covered="1"/><counter type="METHOD" missed="0" covered="1"/></method><method name="onTouch" desc="(Lcom/AdeAyme/superMarioBros/model/hero/Mario;Lcom/AdeAyme/superMarioBros/manager/GameEngine;)V" line="17"><counter type="INSTRUCTION" missed="13" covered="0"/><counter type="LINE" missed="4" covered="0"/><counter type="COMPLEXITY" missed="1" covered="0"/><counter type="METHOD" missed="1" covered="0"/></method><counter type="INSTRUCTION" missed="13" covered="9"/><counter type="LINE" missed="4" covered="3"/><counter type="COMPLEXITY" missed="1" covered="1"/><counter type="METHOD" missed="1" covered="1"/><counter type="CLASS" missed="0" covered="1"/></class><class name="com/AdeAyme/superMarioBros/model/prize/Prize" sourcefilename="Prize.java"/><class name="com/AdeAyme/superMarioBros/model/prize/BoostItem" sourcefilename="BoostItem.java"><method name="&lt;init&gt;" desc="(DDLjava/awt/image/BufferedImage;)V" line="13"><counter type="INSTRUCTION" missed="0" covered="13"/><counter type="LINE" missed="0" covered="4"/><counter type="COMPLEXITY" missed="0" covered="1"/><counter type="METHOD" missed="0" covered="1"/></method><method name="getPoint" desc="()I" line="25"><counter type="INSTRUCTION" missed="0" covered="3"/><counter type="LINE" missed="0" covered="1"/><counter type="COMPLEXITY" missed="0" covered="1"/><counter type="METHOD" missed="0" covered="1"/></method><method name="updateLocation" desc="()V" line="30"><counter type="INSTRUCTION" missed="6" covered="0"/><counter type="BRANCH" missed="2" covered="0"/><counter type="LINE" missed="3" covered="0"/><counter type="COMPLEXITY" missed="2" covered="0"/><counter type="METHOD" missed="1" covered="0"/></method><method name="draw" desc="(Ljava/awt/Graphics;)V" line="37"><counter type="INSTRUCTION" missed="16" covered="0"/><counter type="BRANCH" missed="2" covered="0"/><counter type="LINE" missed="3" covered="0"/><counter type="COMPLEXITY" missed="2" covered="0"/><counter type="METHOD" missed="1" covered="0"/></method><method name="reveal" desc="()V" line="44"><counter type="INSTRUCTION" missed="10" covered="0"/><counter type="LINE" missed="3" covered="0"/><counter type="COMPLEXITY" missed="1" covered="0"/><counter type="METHOD" missed="1" covered="0"/></method><method name="setPoint" desc="(I)V" line="49"><counter type="INSTRUCTION" missed="0" covered="4"/><counter type="LINE" missed="0" covered="2"/><counter type="COMPLEXITY" missed="0" covered="1"/><counter type="METHOD" missed="0" covered="1"/></method><counter type="INSTRUCTION" missed="32" covered="20"/><counter type="BRANCH" missed="4" covered="0"/><counter type="LINE" missed="9" covered="7"/><counter type="COMPLEXITY" missed="5" covered="3"/><counter type="METHOD" missed="3" covered="3"/><counter type="CLASS" missed="0" covered="1"/></class><class name="com/AdeAyme/superMarioBros/model/prize/SuperMushroom" sourcefilename="SuperMushroom.java"><method name="&lt;init&gt;" desc="(DDLjava/awt/image/BufferedImage;)V" line="16"><counter type="INSTRUCTION" missed="0" covered="9"/><counter type="LINE" missed="0" covered="3"/><counter type="COMPLEXITY" missed="0" covered="1"/><counter type="METHOD" missed="0" covered="1"/></method><method name="onTouch" desc="(Lcom/AdeAyme/superMarioBros/model/hero/Mario;Lcom/AdeAyme/superMarioBros/manager/GameEngine;)V" line="23"><counter type="INSTRUCTION" missed="0" covered="10"/><counter type="LINE" missed="0" covered="4"/><counter type="COMPLEXITY" missed="0" covered="1"/><counter type="METHOD" missed="0" covered="1"/></method><method name="setChangeMarioForm" desc="(Lcom/AdeAyme/superMarioBros/model/hero/Mario;)V" line="32"><counter type="INSTRUCTION" missed="0" covered="28"/><counter type="LINE" missed="0" covered="7"/><counter type="COMPLEXITY" missed="0" covered="1"/><counter type="METHOD" missed="0" covered="1"/></method><counter type="INSTRUCTION" missed="0" covered="47"/><counter type="LINE" missed="0" covered="14"/><counter type="COMPLEXITY" missed="0" covered="3"/><counter type="METHOD" missed="0" covered="3"/><counter type="CLASS" missed="0" covered="1"/></class><class name="com/AdeAyme/superMarioBros/model/prize/Coin" sourcefilename="Coin.java"><method name="&lt;init&gt;" desc="(DDLjava/awt/image/BufferedImage;I)V" line="14"><counter type="INSTRUCTION" missed="0" covered="28"/><counter type="LINE" missed="0" covered="7"/><counter type="COMPLEXITY" missed="0" covered="1"/><counter type="METHOD" missed="0" covered="1"/></method><method name="getPoint" desc="()I" line="27"><counter type="INSTRUCTION" missed="0" covered="3"/><counter type="LINE" missed="0" covered="1"/><counter type="COMPLEXITY" missed="0" covered="1"/><counter type="METHOD" missed="0" covered="1"/></method><method name="reveal" desc="()V" line="32"><counter type="INSTRUCTION" missed="0" covered="4"/><counter type="LINE" missed="0" covered="2"/><counter type="COMPLEXITY" missed="0" covered="1"/><counter type="METHOD" missed="0" covered="1"/></method><method name="onTouch" desc="(Lcom/AdeAyme/superMarioBros/model/hero/Mario;Lcom/AdeAyme/superMarioBros/manager/GameEngine;)V" line="37"><counter type="INSTRUCTION" missed="0" covered="15"/><counter type="BRANCH" missed="1" covered="1"/><counter type="LINE" missed="0" covered="6"/><counter type="COMPLEXITY" missed="1" covered="1"/><counter type="METHOD" missed="0" covered="1"/></method><method name="updateLocation" desc="()V" line="47"><counter type="INSTRUCTION" missed="0" covered="10"/><counter type="BRANCH" missed="1" covered="1"/><counter type="LINE" missed="0" covered="3"/><counter type="COMPLEXITY" missed="1" covered="1"/><counter type="METHOD" missed="0" covered="1"/></method><method name="draw" desc="(Ljava/awt/Graphics;)V" line="54"><counter type="INSTRUCTION" missed="16" covered="0"/><counter type="BRANCH" missed="2" covered="0"/><counter type="LINE" missed="3" covered="0"/><counter type="COMPLEXITY" missed="2" covered="0"/><counter type="METHOD" missed="1" covered="0"/></method><method name="getRevealBoundary" desc="()I" line="60"><counter type="INSTRUCTION" missed="3" covered="0"/><counter type="LINE" missed="1" covered="0"/><counter type="COMPLEXITY" missed="1" covered="0"/><counter type="METHOD" missed="1" covered="0"/></method><counter type="INSTRUCTION" missed="19" covered="60"/><counter type="BRANCH" missed="4" covered="2"/><counter type="LINE" missed="4" covered="19"/><counter type="COMPLEXITY" missed="5" covered="5"/><counter type="METHOD" missed="2" covered="5"/><counter type="CLASS" missed="0" covered="1"/></class><class name="com/AdeAyme/superMarioBros/model/prize/MagicObject" sourcefilename="MagicObject.java"/><class name="com/AdeAyme/superMarioBros/model/prize/FireFlower" sourcefilename="FireFlower.java"><method name="&lt;init&gt;" desc="(DDLjava/awt/image/BufferedImage;)V" line="16"><counter type="INSTRUCTION" missed="0" covered="9"/><counter type="LINE" missed="0" covered="3"/><counter type="COMPLEXITY" missed="0" covered="1"/><counter type="METHOD" missed="0" covered="1"/></method><method name="onTouch" desc="(Lcom/AdeAyme/superMarioBros/model/hero/Mario;Lcom/AdeAyme/superMarioBros/manager/GameEngine;)V" line="22"><counter type="INSTRUCTION" missed="0" covered="10"/><counter type="LINE" missed="0" covered="4"/><counter type="COMPLEXITY" missed="0" covered="1"/><counter type="METHOD" missed="0" covered="1"/></method><method name="setChangeMarioForm" desc="(Lcom/AdeAyme/superMarioBros/model/hero/Mario;)V" line="31"><counter type="INSTRUCTION" missed="0" covered="28"/><counter type="LINE" missed="0" covered="7"/><counter type="COMPLEXITY" missed="0" covered="1"/><counter type="METHOD" missed="0" covered="1"/></method><method name="updateLocation" desc="()V" line="46"><counter type="INSTRUCTION" missed="1" covered="0"/><counter type="LINE" missed="1" covered="0"/><counter type="COMPLEXITY" missed="1" covered="0"/><counter type="METHOD" missed="1" covered="0"/></method><counter type="INSTRUCTION" missed="1" covered="47"/><counter type="LINE" missed="1" covered="14"/><counter type="COMPLEXITY" missed="1" covered="3"/><counter type="METHOD" missed="1" covered="3"/><counter type="CLASS" missed="0" covered="1"/></class><sourcefile name="FireFlower.java"><line nr="16" mi="0" ci="5" mb="0" cb="0"/><line nr="17" mi="0" ci="3" mb="0" cb="0"/><line nr="18" mi="0" ci="1" mb="0" cb="0"/><line nr="22" mi="0" ci="4" mb="0" cb="0"/><line nr="23" mi="0" ci="3" mb="0" cb="0"/><line nr="24" mi="0" ci="2" mb="0" cb="0"/><line nr="25" mi="0" ci="1" mb="0" cb="0"/><line nr="31" mi="0" ci="4" mb="0" cb="0"/><line nr="33" mi="0" ci="4" mb="0" cb="0"/><line nr="34" mi="0" ci="4" mb="0" cb="0"/><line nr="36" mi="0" ci="6" mb="0" cb="0"/><line nr="39" mi="0" ci="6" mb="0" cb="0"/><line nr="40" mi="0" ci="3" mb="0" cb="0"/><line nr="43" mi="0" ci="1" mb="0" cb="0"/><line nr="46" mi="1" ci="0" mb="0" cb="0"/><counter type="INSTRUCTION" missed="1" covered="47"/><counter type="LINE" missed="1" covered="14"/><counter type="COMPLEXITY" missed="1" covered="3"/><counter type="METHOD" missed="1" covered="3"/><counter type="CLASS" missed="0" covered="1"/></sourcefile><sourcefile name="MagicObject.java"/><sourcefile name="Prize.java"/><sourcefile name="BoostItem.java"><line nr="13" mi="0" ci="3" mb="0" cb="0"/><line nr="17" mi="0" ci="5" mb="0" cb="0"/><line nr="18" mi="0" ci="4" mb="0" cb="0"/><line nr="19" mi="0" ci="1" mb="0" cb="0"/><line nr="25" mi="0" ci="3" mb="0" cb="0"/><line nr="30" mi="3" ci="0" mb="2" cb="0"/><line nr="31" mi="2" ci="0" mb="0" cb="0"/><line nr="33" mi="1" ci="0" mb="0" cb="0"/><line nr="37" mi="3" ci="0" mb="2" cb="0"/><line nr="38" mi="12" ci="0" mb="0" cb="0"/><line nr="40" mi="1" ci="0" mb="0" cb="0"/><line nr="44" mi="6" ci="0" mb="0" cb="0"/><line nr="45" mi="3" ci="0" mb="0" cb="0"/><line nr="46" mi="1" ci="0" mb="0" cb="0"/><line nr="49" mi="0" ci="3" mb="0" cb="0"/><line nr="50" mi="0" ci="1" mb="0" cb="0"/><counter type="INSTRUCTION" missed="32" covered="20"/><counter type="BRANCH" missed="4" covered="0"/><counter type="LINE" missed="9" covered="7"/><counter type="COMPLEXITY" missed="5" covered="3"/><counter type="METHOD" missed="3" covered="3"/><counter type="CLASS" missed="0" covered="1"/></sourcefile><sourcefile name="Coin.java"><line nr="14" mi="0" ci="3" mb="0" cb="0"/><line nr="18" mi="0" ci="5" mb="0" cb="0"/><line nr="19" mi="0" ci="3" mb="0" cb="0"/><line nr="20" mi="0" ci="3" mb="0" cb="0"/><line nr="21" mi="0" ci="4" mb="0" cb="0"/><line nr="22" mi="0" ci="9" mb="0" cb="0"/><line nr="23" mi="0" ci="1" mb="0" cb="0"/><line nr="27" mi="0" ci="3" mb="0" cb="0"/><line nr="32" mi="0" ci="3" mb="0" cb="0"/><line nr="33" mi="0" ci="1" mb="0" cb="0"/><line nr="37" mi="0" ci="3" mb="1" cb="1"/><line nr="38" mi="0" ci="3" mb="0" cb="0"/><line nr="39" mi="0" ci="4" mb="0" cb="0"/><line nr="40" mi="0" ci="2" mb="0" cb="0"/><line nr="41" mi="0" ci="2" mb="0" cb="0"/><line nr="43" mi="0" ci="1" mb="0" cb="0"/><line nr="47" mi="0" ci="3" mb="1" cb="1"/><line nr="48" mi="0" ci="6" mb="0" cb="0"/><line nr="50" mi="0" ci="1" mb="0" cb="0"/><line nr="54" mi="3" ci="0" mb="2" cb="0"/><line nr="55" mi="12" ci="0" mb="0" cb="0"/><line nr="57" mi="1" ci="0" mb="0" cb="0"/><line nr="60" mi="3" ci="0" mb="0" cb="0"/><counter type="INSTRUCTION" missed="19" covered="60"/><counter type="BRANCH" missed="4" covered="2"/><counter type="LINE" missed="4" covered="19"/><counter type="COMPLEXITY" missed="5" covered="5"/><counter type="METHOD" missed="2" covered="5"/><counter type="CLASS" missed="0" covered="1"/></sourcefile><sourcefile name="SuperMushroom.java"><line nr="16" mi="0" ci="5" mb="0" cb="0"/><line nr="17" mi="0" ci="3" mb="0" cb="0"/><line nr="18" mi="0" ci="1" mb="0" cb="0"/><line nr="23" mi="0" ci="4" mb="0" cb="0"/><line nr="24" mi="0" ci="3" mb="0" cb="0"/><line nr="25" mi="0" ci="2" mb="0" cb="0"/><line nr="26" mi="0" ci="1" mb="0" cb="0"/><line nr="32" mi="0" ci="4" mb="0" cb="0"/><line nr="34" mi="0" ci="4" mb="0" cb="0"/><line nr="35" mi="0" ci="4" mb="0" cb="0"/><line nr="37" mi="0" ci="6" mb="0" cb="0"/><line nr="40" mi="0" ci="6" mb="0" cb="0"/><line nr="41" mi="0" ci="3" mb="0" cb="0"/><line nr="44" mi="0" ci="1" mb="0" cb="0"/><counter type="INSTRUCTION" missed="0" covered="47"/><counter type="LINE" missed="0" covered="14"/><counter type="COMPLEXITY" missed="0" covered="3"/><counter type="METHOD" missed="0" covered="3"/><counter type="CLASS" missed="0" covered="1"/></sourcefile><sourcefile name="OneUpMushroom.java"><line nr="11" mi="0" ci="5" mb="0" cb="0"/><line nr="12" mi="0" ci="3" mb="0" cb="0"/><line nr="13" mi="0" ci="1" mb="0" cb="0"/><line nr="17" mi="4" ci="0" mb="0" cb="0"/><line nr="18" mi="6" ci="0" mb="0" cb="0"/><line nr="19" mi="2" ci="0" mb="0" cb="0"/><line nr="20" mi="1" ci="0" mb="0" cb="0"/><counter type="INSTRUCTION" missed="13" covered="9"/><counter type="LINE" missed="4" covered="3"/><counter type="COMPLEXITY" missed="1" covered="1"/><counter type="METHOD" missed="1" covered="1"/><counter type="CLASS" missed="0" covered="1"/></sourcefile><counter type="INSTRUCTION" missed="65" covered="183"/><counter type="BRANCH" missed="8" covered="2"/><counter type="LINE" missed="18" covered="57"/><counter type="COMPLEXITY" missed="12" covered="15"/><counter type="METHOD" missed="7" covered="15"/><counter type="CLASS" missed="0" covered="5"/></package><package name="com/AdeAyme/superMarioBros/manager"><class name="com/AdeAyme/superMarioBros/manager/Camera" sourcefilename="Camera.java"><method name="&lt;init&gt;" desc="()V" line="9"><counter type="INSTRUCTION" missed="0" covered="15"/><counter type="LINE" missed="0" covered="6"/><counter type="COMPLEXITY" missed="0" covered="1"/><counter type="METHOD" missed="0" covered="1"/></method><method name="getX" desc="()D" line="17"><counter type="INSTRUCTION" missed="3" covered="0"/><counter type="LINE" missed="1" covered="0"/><counter type="COMPLEXITY" missed="1" covered="0"/><counter type="METHOD" missed="1" covered="0"/></method><method name="setX" desc="(D)V" line="21"><counter type="INSTRUCTION" missed="4" covered="0"/><counter type="LINE" missed="2" covered="0"/><counter type="COMPLEXITY" missed="1" covered="0"/><counter type="METHOD" missed="1" covered="0"/></method><method name="getY" desc="()D" line="25"><counter type="INSTRUCTION" missed="3" covered="0"/><counter type="LINE" missed="1" covered="0"/><counter type="COMPLEXITY" missed="1" covered="0"/><counter type="METHOD" missed="1" covered="0"/></method><method name="setY" desc="(D)V" line="29"><counter type="INSTRUCTION" missed="4" covered="0"/><counter type="LINE" missed="2" covered="0"/><counter type="COMPLEXITY" missed="1" covered="0"/><counter type="METHOD" missed="1" covered="0"/></method><method name="shakeCamera" desc="()V" line="33"><counter type="INSTRUCTION" missed="7" covered="0"/><counter type="LINE" missed="3" covered="0"/><counter type="COMPLEXITY" missed="1" covered="0"/><counter type="METHOD" missed="1" covered="0"/></method><method name="moveCam" desc="(DD)V" line="38"><counter type="INSTRUCTION" missed="50" covered="0"/><counter type="BRANCH" missed="8" covered="0"/><counter type="LINE" missed="10" covered="0"/><counter type="COMPLEXITY" missed="5" covered="0"/><counter type="METHOD" missed="1" covered="0"/></method><counter type="INSTRUCTION" missed="71" covered="15"/><counter type="BRANCH" missed="8" covered="0"/><counter type="LINE" missed="19" covered="6"/><counter type="COMPLEXITY" missed="10" covered="1"/><counter type="METHOD" missed="6" covered="1"/><counter type="CLASS" missed="0" covered="1"/></class><class name="com/AdeAyme/superMarioBros/manager/SoundManager" sourcefilename="SoundManager.java"><method name="&lt;init&gt;" desc="()V" line="12"><counter type="INSTRUCTION" missed="0" covered="13"/><counter type="LINE" missed="0" covered="4"/><counter type="COMPLEXITY" missed="0" covered="1"/><counter type="METHOD" missed="0" covered="1"/></method><method name="loadAudio" desc="(Ljava/lang/String;)Ljavax/sound/sampled/AudioInputStream;" line="20"><counter type="INSTRUCTION" missed="7" covered="22"/><counter type="LINE" missed="3" covered="3"/><counter type="COMPLEXITY" missed="0" covered="1"/><counter type="METHOD" missed="0" covered="1"/></method><method name="getClip" desc="(Ljavax/sound/sampled/AudioInputStream;)Ljavax/sound/sampled/Clip;" line="33"><counter type="INSTRUCTION" missed="5" covered="7"/><counter type="LINE" missed="3" covered="3"/><counter type="COMPLEXITY" missed="0" covered="1"/><counter type="METHOD" missed="0" covered="1"/></method><method name="resumeBackground" desc="()V" line="44"><counter type="INSTRUCTION" missed="9" covered="0"/><counter type="LINE" missed="3" covered="0"/><counter type="COMPLEXITY" missed="1" covered="0"/><counter type="METHOD" missed="1" covered="0"/></method><method name="pauseBackground" desc="()V" line="49"><counter type="INSTRUCTION" missed="9" covered="0"/><counter type="LINE" missed="3" covered="0"/><counter type="COMPLEXITY" missed="1" covered="0"/><counter type="METHOD" missed="1" covered="0"/></method><method name="restartBackground" desc="()V" line="54"><counter type="INSTRUCTION" missed="6" covered="0"/><counter type="LINE" missed="3" covered="0"/><counter type="COMPLEXITY" missed="1" covered="0"/><counter type="METHOD" missed="1" covered="0"/></method><method name="playJump" desc="()V" line="59"><counter type="INSTRUCTION" missed="0" covered="9"/><counter type="LINE" missed="0" covered="3"/><counter type="COMPLEXITY" missed="0" covered="1"/><counter type="METHOD" missed="0" covered="1"/></method><method name="playCoin" desc="()V" line="65"><counter type="INSTRUCTION" missed="0" covered="9"/><counter type="LINE" missed="0" covered="3"/><counter type="COMPLEXITY" missed="0" covered="1"/><counter type="METHOD" missed="0" covered="1"/></method><method name="playFireball" desc="()V" line="71"><counter type="INSTRUCTION" missed="9" covered="0"/><counter type="LINE" missed="3" covered="0"/><counter type="COMPLEXITY" missed="1" covered="0"/><counter type="METHOD" missed="1" covered="0"/></method><method name="playGameOver" desc="()V" line="77"><counter type="INSTRUCTION" missed="9" covered="0"/><counter type="LINE" missed="3" covered="0"/><counter type="COMPLEXITY" missed="1" covered="0"/><counter type="METHOD" missed="1" covered="0"/></method><method name="playStomp" desc="()V" line="83"><counter type="INSTRUCTION" missed="9" covered="0"/><counter type="LINE" missed="3" covered="0"/><counter type="COMPLEXITY" missed="1" covered="0"/><counter type="METHOD" missed="1" covered="0"/></method><method name="playOneUp" desc="()V" line="89"><counter type="INSTRUCTION" missed="9" covered="0"/><counter type="LINE" missed="3" covered="0"/><counter type="COMPLEXITY" missed="1" covered="0"/><counter type="METHOD" missed="1" covered="0"/></method><method name="playSuperMushroom" desc="()V" line="96"><counter type="INSTRUCTION" missed="0" covered="9"/><counter type="LINE" missed="0" covered="3"/><counter type="COMPLEXITY" missed="0" covered="1"/><counter type="METHOD" missed="0" covered="1"/></method><method name="playMarioDies" desc="()V" line="103"><counter type="INSTRUCTION" missed="9" covered="0"/><counter type="LINE" missed="3" covered="0"/><counter type="COMPLEXITY" missed="1" covered="0"/><counter type="METHOD" missed="1" covered="0"/></method><method name="playFireFlower" desc="()V" line="110"><counter type="INSTRUCTION" missed="0" covered="1"/><counter type="LINE" missed="0" covered="1"/><counter type="COMPLEXITY" missed="0" covered="1"/><counter type="METHOD" missed="0" covered="1"/></method><counter type="INSTRUCTION" missed="81" covered="70"/><counter type="LINE" missed="30" covered="20"/><counter type="COMPLEXITY" missed="8" covered="7"/><counter type="METHOD" missed="8" covered="7"/><counter type="CLASS" missed="0" covered="1"/></class><class name="com/AdeAyme/superMarioBros/manager/InputManager" sourcefilename="InputManager.java"><method name="&lt;init&gt;" desc="(Lcom/AdeAyme/superMarioBros/manager/GameEngine;)V" line="13"><counter type="INSTRUCTION" missed="6" covered="0"/><counter type="LINE" missed="2" covered="0"/><counter type="COMPLEXITY" missed="1" covered="0"/><counter type="METHOD" missed="1" covered="0"/></method><method name="keyPressed" desc="(Ljava/awt/event/KeyEvent;)V" line="18"><counter type="INSTRUCTION" missed="78" covered="0"/><counter type="BRANCH" missed="26" covered="0"/><counter type="LINE" missed="24" covered="0"/><counter type="COMPLEXITY" missed="14" covered="0"/><counter type="METHOD" missed="1" covered="0"/></method><method name="mousePressed" desc="(Ljava/awt/event/MouseEvent;)V" line="65"><counter type="INSTRUCTION" missed="9" covered="0"/><counter type="BRANCH" missed="2" covered="0"/><counter type="LINE" missed="3" covered="0"/><counter type="COMPLEXITY" missed="2" covered="0"/><counter type="METHOD" missed="1" covered="0"/></method><method name="keyReleased" desc="(Ljava/awt/event/KeyEvent;)V" line="72"><counter type="INSTRUCTION" missed="12" covered="0"/><counter type="BRANCH" missed="4" covered="0"/><counter type="LINE" missed="3" covered="0"/><counter type="COMPLEXITY" missed="3" covered="0"/><counter type="METHOD" missed="1" covered="0"/></method><method name="notifyInput" desc="(Lcom/AdeAyme/superMarioBros/manager/ButtonAction;)V" line="77"><counter type="INSTRUCTION" missed="8" covered="0"/><counter type="BRANCH" missed="2" covered="0"/><counter type="LINE" missed="3" covered="0"/><counter type="COMPLEXITY" missed="2" covered="0"/><counter type="METHOD" missed="1" covered="0"/></method><method name="keyTyped" desc="(Ljava/awt/event/KeyEvent;)V" line="82"><counter type="INSTRUCTION" missed="1" covered="0"/><counter type="LINE" missed="1" covered="0"/><counter type="COMPLEXITY" missed="1" covered="0"/><counter type="METHOD" missed="1" covered="0"/></method><method name="mouseClicked" desc="(Ljava/awt/event/MouseEvent;)V" line="85"><counter type="INSTRUCTION" missed="1" covered="0"/><counter type="LINE" missed="1" covered="0"/><counter type="COMPLEXITY" missed="1" covered="0"/><counter type="METHOD" missed="1" covered="0"/></method><method name="mouseReleased" desc="(Ljava/awt/event/MouseEvent;)V" line="88"><counter type="INSTRUCTION" missed="1" covered="0"/><counter type="LINE" missed="1" covered="0"/><counter type="COMPLEXITY" missed="1" covered="0"/><counter type="METHOD" missed="1" covered="0"/></method><method name="mouseEntered" desc="(Ljava/awt/event/MouseEvent;)V" line="91"><counter type="INSTRUCTION" missed="1" covered="0"/><counter type="LINE" missed="1" covered="0"/><counter type="COMPLEXITY" missed="1" covered="0"/><counter type="METHOD" missed="1" covered="0"/></method><method name="mouseExited" desc="(Ljava/awt/event/MouseEvent;)V" line="94"><counter type="INSTRUCTION" missed="1" covered="0"/><counter type="LINE" missed="1" covered="0"/><counter type="COMPLEXITY" missed="1" covered="0"/><counter type="METHOD" missed="1" covered="0"/></method><counter type="INSTRUCTION" missed="118" covered="0"/><counter type="BRANCH" missed="34" covered="0"/><counter type="LINE" missed="40" covered="0"/><counter type="COMPLEXITY" missed="27" covered="0"/><counter type="METHOD" missed="10" covered="0"/><counter type="CLASS" missed="1" covered="0"/></class><class name="com/AdeAyme/superMarioBros/manager/GameEngine" sourcefilename="GameEngine.java"><method name="&lt;init&gt;" desc="(Ljava/lang/String;)V" line="23"><counter type="INSTRUCTION" missed="0" covered="34"/><counter type="LINE" missed="0" covered="9"/><counter type="COMPLEXITY" missed="0" covered="1"/><counter type="METHOD" missed="0" covered="1"/></method><method name="&lt;init&gt;" desc="()V" line="23"><counter type="INSTRUCTION" missed="11" covered="0"/><counter type="LINE" missed="5" covered="0"/><counter type="COMPLEXITY" missed="1" covered="0"/><counter type="METHOD" missed="1" covered="0"/></method><method name="init" desc="()V" line="40"><counter type="INSTRUCTION" missed="80" covered="0"/><counter type="LINE" missed="19" covered="0"/><counter type="COMPLEXITY" missed="1" covered="0"/><counter type="METHOD" missed="1" covered="0"/></method><method name="start" desc="()V" line="63"><counter type="INSTRUCTION" missed="17" covered="0"/><counter type="BRANCH" missed="2" covered="0"/><counter type="LINE" missed="6" covered="0"/><counter type="COMPLEXITY" missed="2" covered="0"/><counter type="METHOD" missed="1" covered="0"/></method><method name="reset" desc="()V" line="72"><counter type="INSTRUCTION" missed="17" covered="0"/><counter type="LINE" missed="4" covered="0"/><counter type="COMPLEXITY" missed="1" covered="0"/><counter type="METHOD" missed="1" covered="0"/></method><method name="resetCamera" desc="()V" line="78"><counter type="INSTRUCTION" missed="9" covered="0"/><counter type="LINE" missed="3" covered="0"/><counter type="COMPLEXITY" missed="1" covered="0"/><counter type="METHOD" missed="1" covered="0"/></method><method name="selectMapViaMouse" desc="()V" line="83"><counter type="INSTRUCTION" missed="16" covered="0"/><counter type="BRANCH" missed="2" covered="0"/><counter type="LINE" missed="5" covered="0"/><counter type="COMPLEXITY" missed="2" covered="0"/><counter type="METHOD" missed="1" covered="0"/></method><method name="selectMapViaKeyboard" desc="()V" line="91"><counter type="INSTRUCTION" missed="15" covered="0"/><counter type="BRANCH" missed="2" covered="0"/><counter type="LINE" missed="5" covered="0"/><counter type="COMPLEXITY" missed="2" covered="0"/><counter type="METHOD" missed="1" covered="0"/></method><method name="changeSelectedMap" desc="(Z)V" line="99"><counter type="INSTRUCTION" missed="12" covered="0"/><counter type="LINE" missed="3" covered="0"/><counter type="COMPLEXITY" missed="1" covered="0"/><counter type="METHOD" missed="1" covered="0"/></method><method name="createMap" desc="(Ljava/lang/String;)V" line="104"><counter type="INSTRUCTION" missed="23" covered="0"/><counter type="BRANCH" missed="2" covered="0"/><counter type="LINE" missed="7" covered="0"/><counter type="COMPLEXITY" missed="2" covered="0"/><counter type="METHOD" missed="1" covered="0"/></method><method name="run" desc="()V" line="117"><counter type="INSTRUCTION" missed="70" covered="0"/><counter type="BRANCH" missed="12" covered="0"/><counter type="LINE" missed="21" covered="0"/><counter type="COMPLEXITY" missed="7" covered="0"/><counter type="METHOD" missed="1" covered="0"/></method><method name="render" desc="()V" line="148"><counter type="INSTRUCTION" missed="4" covered="0"/><counter type="LINE" missed="2" covered="0"/><counter type="COMPLEXITY" missed="1" covered="0"/><counter type="METHOD" missed="1" covered="0"/></method><method name="gameLoop" desc="()V" line="152"><counter type="INSTRUCTION" missed="31" covered="0"/><counter type="BRANCH" missed="6" covered="0"/><counter type="LINE" missed="11" covered="0"/><counter type="COMPLEXITY" missed="4" covered="0"/><counter type="METHOD" missed="1" covered="0"/></method><method name="updateCamera" desc="()V" line="169"><counter type="INSTRUCTION" missed="30" covered="0"/><counter type="BRANCH" missed="4" covered="0"/><counter type="LINE" missed="7" covered="0"/><counter type="COMPLEXITY" missed="3" covered="0"/><counter type="METHOD" missed="1" covered="0"/></method><method name="updateLocations" desc="()V" line="181"><counter type="INSTRUCTION" missed="4" covered="0"/><counter type="LINE" missed="2" covered="0"/><counter type="COMPLEXITY" missed="1" covered="0"/><counter type="METHOD" missed="1" covered="0"/></method><method name="checkCollisions" desc="()V" line="185"><counter type="INSTRUCTION" missed="5" covered="0"/><counter type="LINE" missed="2" covered="0"/><counter type="COMPLEXITY" missed="1" covered="0"/><counter type="METHOD" missed="1" covered="0"/></method><method name="receiveInput" desc="(Lcom/AdeAyme/superMarioBros/manager/ButtonAction;)V" line="190"><counter type="INSTRUCTION" missed="164" covered="0"/><counter type="BRANCH" missed="54" covered="0"/><counter type="LINE" missed="42" covered="0"/><counter type="COMPLEXITY" missed="28" covered="0"/><counter type="METHOD" missed="1" covered="0"/></method><method name="selectOption" desc="(Z)V" line="244"><counter type="INSTRUCTION" missed="7" covered="0"/><counter type="LINE" missed="2" covered="0"/><counter type="COMPLEXITY" missed="1" covered="0"/><counter type="METHOD" missed="1" covered="0"/></method><method name="startGame" desc="()V" line="248"><counter type="INSTRUCTION" missed="8" covered="0"/><counter type="BRANCH" missed="2" covered="0"/><counter type="LINE" missed="3" covered="0"/><counter type="COMPLEXITY" missed="2" covered="0"/><counter type="METHOD" missed="1" covered="0"/></method><method name="pauseGame" desc="()V" line="254"><counter type="INSTRUCTION" missed="22" covered="0"/><counter type="BRANCH" missed="4" covered="0"/><counter type="LINE" missed="7" covered="0"/><counter type="COMPLEXITY" missed="3" covered="0"/><counter type="METHOD" missed="1" covered="0"/></method><method name="shakeCamera" desc="()V" line="264"><counter type="INSTRUCTION" missed="4" covered="0"/><counter type="LINE" missed="2" covered="0"/><counter type="COMPLEXITY" missed="1" covered="0"/><counter type="METHOD" missed="1" covered="0"/></method><method name="isGameOver" desc="()Z" line="268"><counter type="INSTRUCTION" missed="10" covered="0"/><counter type="BRANCH" missed="2" covered="0"/><counter type="LINE" missed="3" covered="0"/><counter type="COMPLEXITY" missed="2" covered="0"/><counter type="METHOD" missed="1" covered="0"/></method><method name="getImageLoader" desc="()Lcom/AdeAyme/superMarioBros/view/ImageLoader;" line="274"><counter type="INSTRUCTION" missed="0" covered="3"/><counter type="LINE" missed="0" covered="1"/><counter type="COMPLEXITY" missed="0" covered="1"/><counter type="METHOD" missed="0" covered="1"/></method><method name="getGameStatus" desc="()Lcom/AdeAyme/superMarioBros/manager/GameStatus;" line="278"><counter type="INSTRUCTION" missed="3" covered="0"/><counter type="LINE" missed="1" covered="0"/><counter type="COMPLEXITY" missed="1" covered="0"/><counter type="METHOD" missed="1" covered="0"/></method><method name="getStartScreenSelection" desc="()Lcom/AdeAyme/superMarioBros/view/StartScreenSelection;" line="282"><counter type="INSTRUCTION" missed="3" covered="0"/><counter type="LINE" missed="1" covered="0"/><counter type="COMPLEXITY" missed="1" covered="0"/><counter type="METHOD" missed="1" covered="0"/></method><method name="setGameStatus" desc="(Lcom/AdeAyme/superMarioBros/manager/GameStatus;)V" line="286"><counter type="INSTRUCTION" missed="4" covered="0"/><counter type="LINE" missed="2" covered="0"/><counter type="COMPLEXITY" missed="1" covered="0"/><counter type="METHOD" missed="1" covered="0"/></method><method name="getScore" desc="()I" line="290"><counter type="INSTRUCTION" missed="4" covered="0"/><counter type="LINE" missed="1" covered="0"/><counter type="COMPLEXITY" missed="1" covered="0"/><counter type="METHOD" missed="1" covered="0"/></method><method name="getRemainingLives" desc="()I" line="294"><counter type="INSTRUCTION" missed="4" covered="0"/><counter type="LINE" missed="1" covered="0"/><counter type="COMPLEXITY" missed="1" covered="0"/><counter type="METHOD" missed="1" covered="0"/></method><method name="getCoins" desc="()I" line="298"><counter type="INSTRUCTION" missed="4" covered="0"/><counter type="LINE" missed="1" covered="0"/><counter type="COMPLEXITY" missed="1" covered="0"/><counter type="METHOD" missed="1" covered="0"/></method><method name="getSelectedMap" desc="()I" line="302"><counter type="INSTRUCTION" missed="3" covered="0"/><counter type="LINE" missed="1" covered="0"/><counter type="COMPLEXITY" missed="1" covered="0"/><counter type="METHOD" missed="1" covered="0"/></method><method name="drawMap" desc="(Ljava/awt/Graphics2D;)V" line="306"><counter type="INSTRUCTION" missed="5" covered="0"/><counter type="LINE" missed="2" covered="0"/><counter type="COMPLEXITY" missed="1" covered="0"/><counter type="METHOD" missed="1" covered="0"/></method><method name="getCameraLocation" desc="()Ljava/awt/Point;" line="310"><counter type="INSTRUCTION" missed="12" covered="0"/><counter type="LINE" missed="1" covered="0"/><counter type="COMPLEXITY" missed="1" covered="0"/><counter type="METHOD" missed="1" covered="0"/></method><method name="passMission" desc="()I" line="314"><counter type="INSTRUCTION" missed="4" covered="0"/><counter type="LINE" missed="1" covered="0"/><counter type="COMPLEXITY" missed="1" covered="0"/><counter type="METHOD" missed="1" covered="0"/></method><method name="playCoin" desc="()V" line="318"><counter type="INSTRUCTION" missed="0" covered="4"/><counter type="LINE" missed="0" covered="2"/><counter type="COMPLEXITY" missed="0" covered="1"/><counter type="METHOD" missed="0" covered="1"/></method><method name="playOneUp" desc="()V" line="322"><counter type="INSTRUCTION" missed="4" covered="0"/><counter type="LINE" missed="2" covered="0"/><counter type="COMPLEXITY" missed="1" covered="0"/><counter type="METHOD" missed="1" covered="0"/></method><method name="playSuperMushroom" desc="()V" line="326"><counter type="INSTRUCTION" missed="0" covered="4"/><counter type="LINE" missed="0" covered="2"/><counter type="COMPLEXITY" missed="0" covered="1"/><counter type="METHOD" missed="0" covered="1"/></method><method name="playMarioDies" desc="()V" line="330"><counter type="INSTRUCTION" missed="4" covered="0"/><counter type="LINE" missed="2" covered="0"/><counter type="COMPLEXITY" missed="1" covered="0"/><counter type="METHOD" missed="1" covered="0"/></method><method name="playJump" desc="()V" line="334"><counter type="INSTRUCTION" missed="0" covered="4"/><counter type="LINE" missed="0" covered="2"/><counter type="COMPLEXITY" missed="0" covered="1"/><counter type="METHOD" missed="0" covered="1"/></method><method name="playFireFlower" desc="()V" line="338"><counter type="INSTRUCTION" missed="0" covered="4"/><counter type="LINE" missed="0" covered="2"/><counter type="COMPLEXITY" missed="0" covered="1"/><counter type="METHOD" missed="0" covered="1"/></method><method name="playFireball" desc="()V" line="342"><counter type="INSTRUCTION" missed="4" covered="0"/><counter type="LINE" missed="2" covered="0"/><counter type="COMPLEXITY" missed="1" covered="0"/><counter type="METHOD" missed="1" covered="0"/></method><method name="playStomp" desc="()V" line="346"><counter type="INSTRUCTION" missed="4" covered="0"/><counter type="LINE" missed="2" covered="0"/><counter type="COMPLEXITY" missed="1" covered="0"/><counter type="METHOD" missed="1" covered="0"/></method><method name="getMapManager" desc="()Lcom/AdeAyme/superMarioBros/manager/MapManager;" line="350"><counter type="INSTRUCTION" missed="0" covered="3"/><counter type="LINE" missed="0" covered="1"/><counter type="COMPLEXITY" missed="0" covered="1"/><counter type="METHOD" missed="0" covered="1"/></method><method name="main" desc="([Ljava/lang/String;)V" line="354"><counter type="INSTRUCTION" missed="5" covered="0"/><counter type="LINE" missed="2" covered="0"/><counter type="COMPLEXITY" missed="1" covered="0"/><counter type="METHOD" missed="1" covered="0"/></method><method name="getRemainingTime" desc="()I" line="358"><counter type="INSTRUCTION" missed="4" covered="0"/><counter type="LINE" missed="1" covered="0"/><counter type="COMPLEXITY" missed="1" covered="0"/><counter type="METHOD" missed="1" covered="0"/></method><counter type="INSTRUCTION" missed="630" covered="56"/><counter type="BRANCH" missed="92" covered="0"/><counter type="LINE" missed="182" covered="19"/><counter type="COMPLEXITY" missed="83" covered="7"/><counter type="METHOD" missed="37" covered="7"/><counter type="CLASS" missed="0" covered="1"/></class><class name="com/AdeAyme/superMarioBros/manager/ButtonAction" sourcefilename="ButtonAction.java"><method name="&lt;clinit&gt;" desc="()V" line="3"><counter type="INSTRUCTION" missed="81" covered="0"/><counter type="LINE" missed="14" covered="0"/><counter type="COMPLEXITY" missed="1" covered="0"/><counter type="METHOD" missed="1" covered="0"/></method><counter type="INSTRUCTION" missed="81" covered="0"/><counter type="LINE" missed="14" covered="0"/><counter type="COMPLEXITY" missed="1" covered="0"/><counter type="METHOD" missed="1" covered="0"/><counter type="CLASS" missed="1" covered="0"/></class><class name="com/AdeAyme/superMarioBros/manager/MapManager" sourcefilename="MapManager.java"><method name="&lt;init&gt;" desc="()V" line="24"><counter type="INSTRUCTION" missed="0" covered="8"/><counter type="LINE" missed="0" covered="3"/><counter type="COMPLEXITY" missed="0" covered="1"/><counter type="METHOD" missed="0" covered="1"/></method><method name="updateLocations" desc="()V" line="30"><counter type="INSTRUCTION" missed="8" covered="0"/><counter type="BRANCH" missed="2" covered="0"/><counter type="LINE" missed="4" covered="0"/><counter type="COMPLEXITY" missed="2" covered="0"/><counter type="METHOD" missed="1" covered="0"/></method><method name="resetCurrentMap" desc="(Lcom/AdeAyme/superMarioBros/manager/GameEngine;)V" line="37"><counter type="INSTRUCTION" missed="20" covered="0"/><counter type="LINE" missed="6" covered="0"/><counter type="COMPLEXITY" missed="1" covered="0"/><counter type="METHOD" missed="1" covered="0"/></method><method name="createMap" desc="(Lcom/AdeAyme/superMarioBros/view/ImageLoader;Ljava/lang/String;)Z" line="45"><counter type="INSTRUCTION" missed="1" covered="26"/><counter type="BRANCH" missed="1" covered="1"/><counter type="LINE" missed="0" covered="3"/><counter type="COMPLEXITY" missed="1" covered="1"/><counter type="METHOD" missed="0" covered="1"/></method><method name="acquirePoints" desc="(I)V" line="52"><counter type="INSTRUCTION" missed="6" covered="0"/><counter type="LINE" missed="2" covered="0"/><counter type="COMPLEXITY" missed="1" covered="0"/><counter type="METHOD" missed="1" covered="0"/></method><method name="getMario" desc="()Lcom/AdeAyme/superMarioBros/model/hero/Mario;" line="56"><counter type="INSTRUCTION" missed="0" covered="4"/><counter type="LINE" missed="0" covered="1"/><counter type="COMPLEXITY" missed="0" covered="1"/><counter type="METHOD" missed="0" covered="1"/></method><method name="fire" desc="(Lcom/AdeAyme/superMarioBros/manager/GameEngine;)V" line="60"><counter type="INSTRUCTION" missed="13" covered="0"/><counter type="BRANCH" missed="2" covered="0"/><counter type="LINE" missed="5" covered="0"/><counter type="COMPLEXITY" missed="2" covered="0"/><counter type="METHOD" missed="1" covered="0"/></method><method name="isGameOver" desc="()Z" line="68"><counter type="INSTRUCTION" missed="12" covered="0"/><counter type="BRANCH" missed="4" covered="0"/><counter type="LINE" missed="1" covered="0"/><counter type="COMPLEXITY" missed="3" covered="0"/><counter type="METHOD" missed="1" covered="0"/></method><method name="getScore" desc="()I" line="72"><counter type="INSTRUCTION" missed="4" covered="0"/><counter type="LINE" missed="1" covered="0"/><counter type="COMPLEXITY" missed="1" covered="0"/><counter type="METHOD" missed="1" covered="0"/></method><method name="getRemainingLives" desc="()I" line="76"><counter type="INSTRUCTION" missed="4" covered="0"/><counter type="LINE" missed="1" covered="0"/><counter type="COMPLEXITY" missed="1" covered="0"/><counter type="METHOD" missed="1" covered="0"/></method><method name="getCoins" desc="()I" line="80"><counter type="INSTRUCTION" missed="4" covered="0"/><counter type="LINE" missed="1" covered="0"/><counter type="COMPLEXITY" missed="1" covered="0"/><counter type="METHOD" missed="1" covered="0"/></method><method name="drawMap" desc="(Ljava/awt/Graphics2D;)V" line="84"><counter type="INSTRUCTION" missed="5" covered="0"/><counter type="LINE" missed="2" covered="0"/><counter type="COMPLEXITY" missed="1" covered="0"/><counter type="METHOD" missed="1" covered="0"/></method><method name="passMission" desc="()I" line="88"><counter type="INSTRUCTION" missed="30" covered="0"/><counter type="BRANCH" missed="4" covered="0"/><counter type="LINE" missed="5" covered="0"/><counter type="COMPLEXITY" missed="3" covered="0"/><counter type="METHOD" missed="1" covered="0"/></method><method name="endLevel" desc="()Z" line="98"><counter type="INSTRUCTION" missed="15" covered="0"/><counter type="BRANCH" missed="2" covered="0"/><counter type="LINE" missed="1" covered="0"/><counter type="COMPLEXITY" missed="2" covered="0"/><counter type="METHOD" missed="1" covered="0"/></method><method name="checkCollisions" desc="(Lcom/AdeAyme/superMarioBros/manager/GameEngine;)V" line="102"><counter type="INSTRUCTION" missed="23" covered="0"/><counter type="BRANCH" missed="2" covered="0"/><counter type="LINE" missed="10" covered="0"/><counter type="COMPLEXITY" missed="2" covered="0"/><counter type="METHOD" missed="1" covered="0"/></method><method name="checkBottomCollisions" desc="(Lcom/AdeAyme/superMarioBros/manager/GameEngine;)V" line="116"><counter type="INSTRUCTION" missed="118" covered="0"/><counter type="BRANCH" missed="12" covered="0"/><counter type="LINE" missed="27" covered="0"/><counter type="COMPLEXITY" missed="7" covered="0"/><counter type="METHOD" missed="1" covered="0"/></method><method name="checkTopCollisions" desc="(Lcom/AdeAyme/superMarioBros/manager/GameEngine;)V" line="154"><counter type="INSTRUCTION" missed="51" covered="0"/><counter type="BRANCH" missed="6" covered="0"/><counter type="LINE" missed="13" covered="0"/><counter type="COMPLEXITY" missed="4" covered="0"/><counter type="METHOD" missed="1" covered="0"/></method><method name="checkMarioHorizontalCollision" desc="(Lcom/AdeAyme/superMarioBros/manager/GameEngine;)V" line="171"><counter type="INSTRUCTION" missed="137" covered="0"/><counter type="BRANCH" missed="22" covered="0"/><counter type="LINE" missed="28" covered="0"/><counter type="COMPLEXITY" missed="12" covered="0"/><counter type="METHOD" missed="1" covered="0"/></method><method name="checkEnemyCollisions" desc="()V" line="213"><counter type="INSTRUCTION" missed="126" covered="0"/><counter type="BRANCH" missed="16" covered="0"/><counter type="LINE" missed="28" covered="0"/><counter type="COMPLEXITY" missed="9" covered="0"/><counter type="METHOD" missed="1" covered="0"/></method><method name="checkPrizeCollision" desc="()V" line="256"><counter type="INSTRUCTION" missed="155" covered="0"/><counter type="BRANCH" missed="24" covered="0"/><counter type="LINE" missed="35" covered="0"/><counter type="COMPLEXITY" missed="13" covered="0"/><counter type="METHOD" missed="1" covered="0"/></method><method name="checkPrizeContact" desc="(Lcom/AdeAyme/superMarioBros/manager/GameEngine;)V" line="310"><counter type="INSTRUCTION" missed="53" covered="0"/><counter type="BRANCH" missed="6" covered="0"/><counter type="LINE" missed="13" covered="0"/><counter type="COMPLEXITY" missed="4" covered="0"/><counter type="METHOD" missed="1" covered="0"/></method><method name="checkFireballContact" desc="()V" line="328"><counter type="INSTRUCTION" missed="85" covered="0"/><counter type="BRANCH" missed="10" covered="0"/><counter type="LINE" missed="21" covered="0"/><counter type="COMPLEXITY" missed="6" covered="0"/><counter type="METHOD" missed="1" covered="0"/></method><method name="removeObjects" desc="(Ljava/util/ArrayList;)V" line="357"><counter type="INSTRUCTION" missed="44" covered="0"/><counter type="BRANCH" missed="12" covered="0"/><counter type="LINE" missed="11" covered="0"/><counter type="COMPLEXITY" missed="7" covered="0"/><counter type="METHOD" missed="1" covered="0"/></method><method name="addRevealedBrick" desc="(Lcom/AdeAyme/superMarioBros/model/brick/OrdinaryBrick;)V" line="374"><counter type="INSTRUCTION" missed="5" covered="0"/><counter type="LINE" missed="2" covered="0"/><counter type="COMPLEXITY" missed="1" covered="0"/><counter type="METHOD" missed="1" covered="0"/></method><method name="updateTime" desc="()V" line="378"><counter type="INSTRUCTION" missed="8" covered="0"/><counter type="BRANCH" missed="2" covered="0"/><counter type="LINE" missed="3" covered="0"/><counter type="COMPLEXITY" missed="2" covered="0"/><counter type="METHOD" missed="1" covered="0"/></method><method name="getRemainingTime" desc="()I" line="383"><counter type="INSTRUCTION" missed="5" covered="0"/><counter type="LINE" missed="1" covered="0"/><counter type="COMPLEXITY" missed="1" covered="0"/><counter type="METHOD" missed="1" covered="0"/></method><counter type="INSTRUCTION" missed="932" covered="38"/><counter type="BRANCH" missed="127" covered="1"/><counter type="LINE" missed="221" covered="7"/><counter type="COMPLEXITY" missed="87" covered="3"/><counter type="METHOD" missed="23" covered="3"/><counter type="CLASS" missed="0" covered="1"/></class><class name="com/AdeAyme/superMarioBros/manager/MapCreator" sourcefilename="MapCreator.java"><method name="&lt;init&gt;" desc="(Lcom/AdeAyme/superMarioBros/view/ImageLoader;Lcom/AdeAyme/superMarioBros/model/Difficulty;)V" line="28"><counter type="INSTRUCTION" missed="0" covered="135"/><counter type="LINE" missed="0" covered="19"/><counter type="COMPLEXITY" missed="0" covered="1"/><counter type="METHOD" missed="0" covered="1"/></method><method name="createMap" desc="(Ljava/lang/String;D)Lcom/AdeAyme/superMarioBros/model/Map;" line="53"><counter type="INSTRUCTION" missed="5" covered="291"/><counter type="BRANCH" missed="1" covered="21"/><counter type="LINE" missed="2" covered="57"/><counter type="COMPLEXITY" missed="1" covered="11"/><counter type="METHOD" missed="0" covered="1"/></method><method name="generateRandomPrize" desc="(DD)Lcom/AdeAyme/superMarioBros/model/prize/Prize;" line="128"><counter type="INSTRUCTION" missed="0" covered="51"/><counter type="BRANCH" missed="0" covered="6"/><counter type="LINE" missed="0" covered="9"/><counter type="COMPLEXITY" missed="0" covered="4"/><counter type="METHOD" missed="0" covered="1"/></method><counter type="INSTRUCTION" missed="5" covered="477"/><counter type="BRANCH" missed="1" covered="27"/><counter type="LINE" missed="2" covered="85"/><counter type="COMPLEXITY" missed="1" covered="16"/><counter type="METHOD" missed="0" covered="3"/><counter type="CLASS" missed="0" covered="1"/></class><class name="com/AdeAyme/superMarioBros/manager/GameStatus" sourcefilename="GameStatus.java"><method name="&lt;clinit&gt;" desc="()V" line="3"><counter type="INSTRUCTION" missed="51" covered="0"/><counter type="LINE" missed="9" covered="0"/><counter type="COMPLEXITY" missed="1" covered="0"/><counter type="METHOD" missed="1" covered="0"/></method><counter type="INSTRUCTION" missed="51" covered="0"/><counter type="LINE" missed="9" covered="0"/><counter type="COMPLEXITY" missed="1" covered="0"/><counter type="METHOD" missed="1" covered="0"/><counter type="CLASS" missed="1" covered="0"/></class><sourcefile name="MapCreator.java"><line nr="28" mi="0" ci="2" mb="0" cb="0"/><line nr="30" mi="0" ci="3" mb="0" cb="0"/><line nr="31" mi="0" ci="4" mb="0" cb="0"/><line nr="33" mi="0" ci="5" mb="0" cb="0"/><line nr="34" mi="0" ci="9" mb="0" cb="0"/><line nr="35" mi="0" ci="9" mb="0" cb="0"/><line nr="36" mi="0" ci="9" mb="0" cb="0"/><line nr="37" mi="0" ci="9" mb="0" cb="0"/><line nr="38" mi="0" ci="9" mb="0" cb="0"/><line nr="39" mi="0" ci="9" mb="0" cb="0"/><line nr="40" mi="0" ci="9" mb="0" cb="0"/><line nr="41" mi="0" ci="9" mb="0" cb="0"/><line nr="42" mi="0" ci="9" mb="0" cb="0"/><line nr="43" mi="0" ci="9" mb="0" cb="0"/><line nr="44" mi="0" ci="9" mb="0" cb="0"/><line nr="45" mi="0" ci="9" mb="0" cb="0"/><line nr="46" mi="0" ci="9" mb="0" cb="0"/><line nr="47" mi="0" ci="3" mb="0" cb="0"/><line nr="50" mi="0" ci="1" mb="0" cb="0"/><line nr="53" mi="0" ci="5" mb="0" cb="0"/><line nr="55" mi="0" ci="2" mb="1" cb="1"/><line nr="56" mi="3" ci="0" mb="0" cb="0"/><line nr="57" mi="2" ci="0" mb="0" cb="0"/><line nr="60" mi="0" ci="7" mb="0" cb="0"/><line nr="61" mi="0" ci="4" mb="0" cb="0"/><line nr="62" mi="0" ci="8" mb="0" cb="0"/><line nr="64" mi="0" ci="2" mb="0" cb="0"/><line nr="66" mi="0" ci="8" mb="0" cb="0"/><line nr="67" mi="0" ci="8" mb="0" cb="0"/><line nr="68" mi="0" ci="8" mb="0" cb="0"/><line nr="69" mi="0" ci="8" mb="0" cb="0"/><line nr="70" mi="0" ci="8" mb="0" cb="0"/><line nr="71" mi="0" ci="8" mb="0" cb="0"/><line nr="72" mi="0" ci="8" mb="0" cb="0"/><line nr="73" mi="0" ci="8" mb="0" cb="0"/><line nr="75" mi="0" ci="8" mb="0" cb="2"/><line nr="76" mi="0" ci="8" mb="0" cb="2"/><line nr="78" mi="0" ci="5" mb="0" cb="0"/><line nr="79" mi="0" ci="4" mb="0" cb="0"/><line nr="80" mi="0" ci="4" mb="0" cb="0"/><line nr="82" mi="0" ci="3" mb="0" cb="2"/><line nr="83" mi="0" ci="10" mb="0" cb="0"/><line nr="84" mi="0" ci="3" mb="0" cb="0"/><line nr="85" mi="0" ci="1" mb="0" cb="0"/><line nr="86" mi="0" ci="3" mb="0" cb="2"/><line nr="87" mi="0" ci="7" mb="0" cb="0"/><line nr="88" mi="0" ci="11" mb="0" cb="0"/><line nr="89" mi="0" ci="3" mb="0" cb="0"/><line nr="90" mi="0" ci="1" mb="0" cb="0"/><line nr="91" mi="0" ci="3" mb="0" cb="2"/><line nr="92" mi="0" ci="10" mb="0" cb="0"/><line nr="93" mi="0" ci="3" mb="0" cb="0"/><line nr="94" mi="0" ci="1" mb="0" cb="0"/><line nr="95" mi="0" ci="3" mb="0" cb="2"/><line nr="96" mi="0" ci="10" mb="0" cb="0"/><line nr="97" mi="0" ci="3" mb="0" cb="0"/><line nr="98" mi="0" ci="1" mb="0" cb="0"/><line nr="99" mi="0" ci="3" mb="0" cb="2"/><line nr="100" mi="0" ci="10" mb="0" cb="0"/><line nr="101" mi="0" ci="5" mb="0" cb="0"/><line nr="102" mi="0" ci="5" mb="0" cb="0"/><line nr="103" mi="0" ci="3" mb="0" cb="0"/><line nr="104" mi="0" ci="1" mb="0" cb="0"/><line nr="105" mi="0" ci="3" mb="0" cb="2"/><line nr="106" mi="0" ci="10" mb="0" cb="0"/><line nr="107" mi="0" ci="5" mb="0" cb="0"/><line nr="108" mi="0" ci="5" mb="0" cb="0"/><line nr="109" mi="0" ci="3" mb="0" cb="0"/><line nr="110" mi="0" ci="1" mb="0" cb="0"/><line nr="111" mi="0" ci="3" mb="0" cb="2"/><line nr="112" mi="0" ci="10" mb="0" cb="0"/><line nr="113" mi="0" ci="3" mb="0" cb="0"/><line nr="114" mi="0" ci="1" mb="0" cb="0"/><line nr="115" mi="0" ci="3" mb="0" cb="2"/><line nr="116" mi="0" ci="12" mb="0" cb="0"/><line nr="117" mi="0" ci="3" mb="0" cb="0"/><line nr="122" mi="0" ci="3" mb="0" cb="0"/><line nr="123" mi="0" ci="2" mb="0" cb="0"/><line nr="128" mi="0" ci="5" mb="0" cb="0"/><line nr="130" mi="0" ci="2" mb="0" cb="2"/><line nr="131" mi="0" ci="9" mb="0" cb="0"/><line nr="133" mi="0" ci="3" mb="0" cb="2"/><line nr="134" mi="0" ci="9" mb="0" cb="0"/><line nr="136" mi="0" ci="3" mb="0" cb="2"/><line nr="137" mi="0" ci="9" mb="0" cb="0"/><line nr="140" mi="0" ci="9" mb="0" cb="0"/><line nr="143" mi="0" ci="2" mb="0" cb="0"/><counter type="INSTRUCTION" missed="5" covered="477"/><counter type="BRANCH" missed="1" covered="27"/><counter type="LINE" missed="2" covered="85"/><counter type="COMPLEXITY" missed="1" covered="16"/><counter type="METHOD" missed="0" covered="3"/><counter type="CLASS" missed="0" covered="1"/></sourcefile><sourcefile name="Camera.java"><line nr="9" mi="0" ci="2" mb="0" cb="0"/><line nr="10" mi="0" ci="3" mb="0" cb="0"/><line nr="11" mi="0" ci="3" mb="0" cb="0"/><line nr="12" mi="0" ci="3" mb="0" cb="0"/><line nr="13" mi="0" ci="3" mb="0" cb="0"/><line nr="14" mi="0" ci="1" mb="0" cb="0"/><line nr="17" mi="3" ci="0" mb="0" cb="0"/><line nr="21" mi="3" ci="0" mb="0" cb="0"/><line nr="22" mi="1" ci="0" mb="0" cb="0"/><line nr="25" mi="3" ci="0" mb="0" cb="0"/><line nr="29" mi="3" ci="0" mb="0" cb="0"/><line nr="30" mi="1" ci="0" mb="0" cb="0"/><line nr="33" mi="3" ci="0" mb="0" cb="0"/><line nr="34" mi="3" ci="0" mb="0" cb="0"/><line nr="35" mi="1" ci="0" mb="0" cb="0"/><line nr="38" mi="6" ci="0" mb="4" cb="0"/><line nr="39" mi="9" ci="0" mb="2" cb="0"/><line nr="40" mi="9" ci="0" mb="0" cb="0"/><line nr="41" mi="6" ci="0" mb="0" cb="0"/><line nr="42" mi="1" ci="0" mb="0" cb="0"/><line nr="44" mi="6" ci="0" mb="0" cb="0"/><line nr="45" mi="6" ci="0" mb="0" cb="0"/><line nr="48" mi="3" ci="0" mb="2" cb="0"/><line nr="49" mi="3" ci="0" mb="0" cb="0"/><line nr="50" mi="1" ci="0" mb="0" cb="0"/><counter type="INSTRUCTION" missed="71" covered="15"/><counter type="BRANCH" missed="8" covered="0"/><counter type="LINE" missed="19" covered="6"/><counter type="COMPLEXITY" missed="10" covered="1"/><counter type="METHOD" missed="6" covered="1"/><counter type="CLASS" missed="0" covered="1"/></sourcefile><sourcefile name="SoundManager.java"><line nr="12" mi="0" ci="3" mb="0" cb="0"/><line nr="14" mi="0" ci="2" mb="0" cb="0"/><line nr="15" mi="0" ci="7" mb="0" cb="0"/><line nr="16" mi="0" ci="1" mb="0" cb="0"/><line nr="20" mi="0" ci="14" mb="0" cb="0"/><line nr="21" mi="0" ci="5" mb="0" cb="0"/><line nr="22" mi="0" ci="3" mb="0" cb="0"/><line nr="24" mi="1" ci="0" mb="0" cb="0"/><line nr="25" mi="4" ci="0" mb="0" cb="0"/><line nr="28" mi="2" ci="0" mb="0" cb="0"/><line nr="33" mi="0" ci="2" mb="0" cb="0"/><line nr="34" mi="0" ci="3" mb="0" cb="0"/><line nr="35" mi="0" ci="2" mb="0" cb="0"/><line nr="36" mi="1" ci="0" mb="0" cb="0"/><line nr="37" mi="2" ci="0" mb="0" cb="0"/><line nr="40" mi="2" ci="0" mb="0" cb="0"/><line nr="44" mi="5" ci="0" mb="0" cb="0"/><line nr="45" mi="3" ci="0" mb="0" cb="0"/><line nr="46" mi="1" ci="0" mb="0" cb="0"/><line nr="49" mi="5" ci="0" mb="0" cb="0"/><line nr="50" mi="3" ci="0" mb="0" cb="0"/><line nr="51" mi="1" ci="0" mb="0" cb="0"/><line nr="54" mi="3" ci="0" mb="0" cb="0"/><line nr="55" mi="2" ci="0" mb="0" cb="0"/><line nr="56" mi="1" ci="0" mb="0" cb="0"/><line nr="59" mi="0" ci="6" mb="0" cb="0"/><line nr="60" mi="0" ci="2" mb="0" cb="0"/><line nr="62" mi="0" ci="1" mb="0" cb="0"/><line nr="65" mi="0" ci="6" mb="0" cb="0"/><line nr="66" mi="0" ci="2" mb="0" cb="0"/><line nr="68" mi="0" ci="1" mb="0" cb="0"/><line nr="71" mi="6" ci="0" mb="0" cb="0"/><line nr="72" mi="2" ci="0" mb="0" cb="0"/><line nr="74" mi="1" ci="0" mb="0" cb="0"/><line nr="77" mi="6" ci="0" mb="0" cb="0"/><line nr="78" mi="2" ci="0" mb="0" cb="0"/><line nr="80" mi="1" ci="0" mb="0" cb="0"/><line nr="83" mi="6" ci="0" mb="0" cb="0"/><line nr="84" mi="2" ci="0" mb="0" cb="0"/><line nr="86" mi="1" ci="0" mb="0" cb="0"/><line nr="89" mi="6" ci="0" mb="0" cb="0"/><line nr="90" mi="2" ci="0" mb="0" cb="0"/><line nr="92" mi="1" ci="0" mb="0" cb="0"/><line nr="96" mi="0" ci="6" mb="0" cb="0"/><line nr="97" mi="0" ci="2" mb="0" cb="0"/><line nr="99" mi="0" ci="1" mb="0" cb="0"/><line nr="103" mi="6" ci="0" mb="0" cb="0"/><line nr="104" mi="2" ci="0" mb="0" cb="0"/><line nr="106" mi="1" ci="0" mb="0" cb="0"/><line nr="110" mi="0" ci="1" mb="0" cb="0"/><counter type="INSTRUCTION" missed="81" covered="70"/><counter type="LINE" missed="30" covered="20"/><counter type="COMPLEXITY" missed="8" covered="7"/><counter type="METHOD" missed="8" covered="7"/><counter type="CLASS" missed="0" covered="1"/></sourcefile><sourcefile name="InputManager.java"><line nr="13" mi="2" ci="0" mb="0" cb="0"/><line nr="14" mi="4" ci="0" mb="0" cb="0"/><line nr="18" mi="3" ci="0" mb="0" cb="0"/><line nr="19" mi="4" ci="0" mb="0" cb="0"/><line nr="20" mi="2" ci="0" mb="0" cb="0"/><line nr="23" mi="3" ci="0" mb="2" cb="0"/><line nr="24" mi="6" ci="0" mb="4" cb="0"/><line nr="25" mi="3" ci="0" mb="0" cb="0"/><line nr="27" mi="3" ci="0" mb="0" cb="0"/><line nr="30" mi="3" ci="0" mb="2" cb="0"/><line nr="31" mi="6" ci="0" mb="4" cb="0"/><line nr="32" mi="3" ci="0" mb="0" cb="0"/><line nr="35" mi="3" ci="0" mb="2" cb="0"/><line nr="36" mi="3" ci="0" mb="0" cb="0"/><line nr="39" mi="3" ci="0" mb="2" cb="0"/><line nr="40" mi="3" ci="0" mb="0" cb="0"/><line nr="43" mi="3" ci="0" mb="2" cb="0"/><line nr="44" mi="3" ci="0" mb="0" cb="0"/><line nr="47" mi="3" ci="0" mb="2" cb="0"/><line nr="48" mi="6" ci="0" mb="4" cb="0"/><line nr="49" mi="3" ci="0" mb="0" cb="0"/><line nr="51" mi="3" ci="0" mb="0" cb="0"/><line nr="55" mi="3" ci="0" mb="2" cb="0"/><line nr="56" mi="2" ci="0" mb="0" cb="0"/><line nr="60" mi="3" ci="0" mb="0" cb="0"/><line nr="61" mi="1" ci="0" mb="0" cb="0"/><line nr="65" mi="5" ci="0" mb="2" cb="0"/><line nr="66" mi="3" ci="0" mb="0" cb="0"/><line nr="68" mi="1" ci="0" mb="0" cb="0"/><line nr="72" mi="8" ci="0" mb="4" cb="0"/><line nr="73" mi="3" ci="0" mb="0" cb="0"/><line nr="74" mi="1" ci="0" mb="0" cb="0"/><line nr="77" mi="3" ci="0" mb="2" cb="0"/><line nr="78" mi="4" ci="0" mb="0" cb="0"/><line nr="79" mi="1" ci="0" mb="0" cb="0"/><line nr="82" mi="1" ci="0" mb="0" cb="0"/><line nr="85" mi="1" ci="0" mb="0" cb="0"/><line nr="88" mi="1" ci="0" mb="0" cb="0"/><line nr="91" mi="1" ci="0" mb="0" cb="0"/><line nr="94" mi="1" ci="0" mb="0" cb="0"/><counter type="INSTRUCTION" missed="118" covered="0"/><counter type="BRANCH" missed="34" covered="0"/><counter type="LINE" missed="40" covered="0"/><counter type="COMPLEXITY" missed="27" covered="0"/><counter type="METHOD" missed="10" covered="0"/><counter type="CLASS" missed="1" covered="0"/></sourcefile><sourcefile name="ButtonAction.java"><line nr="3" mi="3" ci="0" mb="0" cb="0"/><line nr="4" mi="6" ci="0" mb="0" cb="0"/><line nr="5" mi="6" ci="0" mb="0" cb="0"/><line nr="6" mi="6" ci="0" mb="0" cb="0"/><line nr="7" mi="6" ci="0" mb="0" cb="0"/><line nr="8" mi="6" ci="0" mb="0" cb="0"/><line nr="9" mi="6" ci="0" mb="0" cb="0"/><line nr="10" mi="6" ci="0" mb="0" cb="0"/><line nr="11" mi="6" ci="0" mb="0" cb="0"/><line nr="12" mi="6" ci="0" mb="0" cb="0"/><line nr="13" mi="6" ci="0" mb="0" cb="0"/><line nr="14" mi="6" ci="0" mb="0" cb="0"/><line nr="15" mi="6" ci="0" mb="0" cb="0"/><line nr="16" mi="6" ci="0" mb="0" cb="0"/><counter type="INSTRUCTION" missed="81" covered="0"/><counter type="LINE" missed="14" covered="0"/><counter type="COMPLEXITY" missed="1" covered="0"/><counter type="METHOD" missed="1" covered="0"/><counter type="CLASS" missed="1" covered="0"/></sourcefile><sourcefile name="GameEngine.java"><line nr="23" mi="3" ci="3" mb="0" cb="0"/><line nr="24" mi="3" ci="3" mb="0" cb="0"/><line nr="27" mi="0" ci="2" mb="0" cb="0"/><line nr="28" mi="0" ci="3" mb="0" cb="0"/><line nr="29" mi="0" ci="5" mb="0" cb="0"/><line nr="30" mi="0" ci="5" mb="0" cb="0"/><line nr="31" mi="0" ci="7" mb="0" cb="0"/><line nr="32" mi="0" ci="5" mb="0" cb="0"/><line nr="34" mi="0" ci="1" mb="0" cb="0"/><line nr="35" mi="2" ci="0" mb="0" cb="0"/><line nr="36" mi="2" ci="0" mb="0" cb="0"/><line nr="37" mi="1" ci="0" mb="0" cb="0"/><line nr="40" mi="5" ci="0" mb="0" cb="0"/><line nr="41" mi="5" ci="0" mb="0" cb="0"/><line nr="42" mi="3" ci="0" mb="0" cb="0"/><line nr="43" mi="11" ci="0" mb="0" cb="0"/><line nr="44" mi="5" ci="0" mb="0" cb="0"/><line nr="45" mi="8" ci="0" mb="0" cb="0"/><line nr="46" mi="5" ci="0" mb="0" cb="0"/><line nr="47" mi="5" ci="0" mb="0" cb="0"/><line nr="49" mi="5" ci="0" mb="0" cb="0"/><line nr="50" mi="5" ci="0" mb="0" cb="0"/><line nr="51" mi="3" ci="0" mb="0" cb="0"/><line nr="52" mi="3" ci="0" mb="0" cb="0"/><line nr="53" mi="2" ci="0" mb="0" cb="0"/><line nr="54" mi="3" ci="0" mb="0" cb="0"/><line nr="55" mi="3" ci="0" mb="0" cb="0"/><line nr="56" mi="3" ci="0" mb="0" cb="0"/><line nr="57" mi="3" ci="0" mb="0" cb="0"/><line nr="59" mi="2" ci="0" mb="0" cb="0"/><line nr="60" mi="1" ci="0" mb="0" cb="0"/><line nr="63" mi="3" ci="0" mb="2" cb="0"/><line nr="64" mi="1" ci="0" mb="0" cb="0"/><line nr="66" mi="3" ci="0" mb="0" cb="0"/><line nr="67" mi="6" ci="0" mb="0" cb="0"/><line nr="68" mi="3" ci="0" mb="0" cb="0"/><line nr="69" mi="1" ci="0" mb="0" cb="0"/><line nr="72" mi="2" ci="0" mb="0" cb="0"/><line nr="73" mi="3" ci="0" mb="0" cb="0"/><line nr="74" mi="11" ci="0" mb="0" cb="0"/><line nr="75" mi="1" ci="0" mb="0" cb="0"/><line nr="78" mi="5" ci="0" mb="0" cb="0"/><line nr="79" mi="3" ci="0" mb="0" cb="0"/><line nr="80" mi="1" ci="0" mb="0" cb="0"/><line nr="83" mi="3" ci="0" mb="0" cb="0"/><line nr="84" mi="7" ci="0" mb="0" cb="0"/><line nr="85" mi="2" ci="0" mb="2" cb="0"/><line nr="86" mi="3" ci="0" mb="0" cb="0"/><line nr="88" mi="1" ci="0" mb="0" cb="0"/><line nr="91" mi="3" ci="0" mb="0" cb="0"/><line nr="92" mi="6" ci="0" mb="0" cb="0"/><line nr="93" mi="2" ci="0" mb="2" cb="0"/><line nr="94" mi="3" ci="0" mb="0" cb="0"/><line nr="96" mi="1" ci="0" mb="0" cb="0"/><line nr="99" mi="3" ci="0" mb="0" cb="0"/><line nr="100" mi="8" ci="0" mb="0" cb="0"/><line nr="101" mi="1" ci="0" mb="0" cb="0"/><line nr="104" mi="3" ci="0" mb="0" cb="0"/><line nr="105" mi="7" ci="0" mb="0" cb="0"/><line nr="106" mi="2" ci="0" mb="2" cb="0"/><line nr="107" mi="3" ci="0" mb="0" cb="0"/><line nr="108" mi="4" ci="0" mb="0" cb="0"/><line nr="112" mi="3" ci="0" mb="0" cb="0"/><line nr="113" mi="1" ci="0" mb="0" cb="0"/><line nr="117" mi="2" ci="0" mb="0" cb="0"/><line nr="118" mi="2" ci="0" mb="0" cb="0"/><line nr="119" mi="4" ci="0" mb="0" cb="0"/><line nr="120" mi="2" ci="0" mb="0" cb="0"/><line nr="121" mi="2" ci="0" mb="0" cb="0"/><line nr="123" mi="7" ci="0" mb="4" cb="0"/><line nr="125" mi="2" ci="0" mb="0" cb="0"/><line nr="126" mi="9" ci="0" mb="0" cb="0"/><line nr="127" mi="2" ci="0" mb="0" cb="0"/><line nr="128" mi="4" ci="0" mb="2" cb="0"/><line nr="129" mi="4" ci="0" mb="2" cb="0"/><line nr="130" mi="2" ci="0" mb="0" cb="0"/><line nr="132" mi="5" ci="0" mb="0" cb="0"/><line nr="134" mi="2" ci="0" mb="0" cb="0"/><line nr="136" mi="4" ci="0" mb="2" cb="0"/><line nr="137" mi="2" ci="0" mb="0" cb="0"/><line nr="140" mi="6" ci="0" mb="2" cb="0"/><line nr="141" mi="4" ci="0" mb="0" cb="0"/><line nr="142" mi="3" ci="0" mb="0" cb="0"/><line nr="144" mi="1" ci="0" mb="0" cb="0"/><line nr="145" mi="1" ci="0" mb="0" cb="0"/><line nr="148" mi="3" ci="0" mb="0" cb="0"/><line nr="149" mi="1" ci="0" mb="0" cb="0"/><line nr="152" mi="2" ci="0" mb="0" cb="0"/><line nr="153" mi="2" ci="0" mb="0" cb="0"/><line nr="154" mi="2" ci="0" mb="0" cb="0"/><line nr="156" mi="3" ci="0" mb="2" cb="0"/><line nr="157" mi="3" ci="0" mb="0" cb="0"/><line nr="160" mi="3" ci="0" mb="0" cb="0"/><line nr="161" mi="3" ci="0" mb="2" cb="0"/><line nr="162" mi="5" ci="0" mb="0" cb="0"/><line nr="164" mi="4" ci="0" mb="2" cb="0"/><line nr="165" mi="3" ci="0" mb="0" cb="0"/><line nr="166" mi="1" ci="0" mb="0" cb="0"/><line nr="169" mi="4" ci="0" mb="0" cb="0"/><line nr="170" mi="3" ci="0" mb="0" cb="0"/><line nr="171" mi="2" ci="0" mb="0" cb="0"/><line nr="173" mi="13" ci="0" mb="4" cb="0"/><line nr="174" mi="2" ci="0" mb="0" cb="0"/><line nr="177" mi="5" ci="0" mb="0" cb="0"/><line nr="178" mi="1" ci="0" mb="0" cb="0"/><line nr="181" mi="3" ci="0" mb="0" cb="0"/><line nr="182" mi="1" ci="0" mb="0" cb="0"/><line nr="185" mi="4" ci="0" mb="0" cb="0"/><line nr="186" mi="1" ci="0" mb="0" cb="0"/><line nr="190" mi="4" ci="0" mb="2" cb="0"/><line nr="191" mi="7" ci="0" mb="4" cb="0"/><line nr="192" mi="3" ci="0" mb="0" cb="0"/><line nr="193" mi="7" ci="0" mb="4" cb="0"/><line nr="194" mi="4" ci="0" mb="0" cb="0"/><line nr="195" mi="7" ci="0" mb="4" cb="0"/><line nr="196" mi="4" ci="0" mb="0" cb="0"/><line nr="197" mi="3" ci="0" mb="2" cb="0"/><line nr="198" mi="4" ci="0" mb="0" cb="0"/><line nr="199" mi="3" ci="0" mb="2" cb="0"/><line nr="200" mi="4" ci="0" mb="0" cb="0"/><line nr="203" mi="4" ci="0" mb="2" cb="0"/><line nr="204" mi="3" ci="0" mb="2" cb="0"/><line nr="205" mi="3" ci="0" mb="0" cb="0"/><line nr="207" mi="3" ci="0" mb="2" cb="0"/><line nr="208" mi="4" ci="0" mb="0" cb="0"/><line nr="210" mi="3" ci="0" mb="2" cb="0"/><line nr="211" mi="4" ci="0" mb="0" cb="0"/><line nr="213" mi="4" ci="0" mb="2" cb="0"/><line nr="214" mi="4" ci="0" mb="0" cb="0"/><line nr="215" mi="3" ci="0" mb="2" cb="0"/><line nr="216" mi="4" ci="0" mb="0" cb="0"/><line nr="217" mi="3" ci="0" mb="2" cb="0"/><line nr="218" mi="6" ci="0" mb="0" cb="0"/><line nr="219" mi="3" ci="0" mb="2" cb="0"/><line nr="220" mi="6" ci="0" mb="0" cb="0"/><line nr="221" mi="3" ci="0" mb="2" cb="0"/><line nr="222" mi="4" ci="0" mb="0" cb="0"/><line nr="223" mi="3" ci="0" mb="2" cb="0"/><line nr="224" mi="5" ci="0" mb="0" cb="0"/><line nr="225" mi="3" ci="0" mb="2" cb="0"/><line nr="226" mi="2" ci="0" mb="0" cb="0"/><line nr="228" mi="5" ci="0" mb="2" cb="0"/><line nr="229" mi="3" ci="0" mb="2" cb="0"/><line nr="230" mi="3" ci="0" mb="0" cb="0"/><line nr="232" mi="7" ci="0" mb="4" cb="0"/><line nr="233" mi="3" ci="0" mb="0" cb="0"/><line nr="234" mi="7" ci="0" mb="4" cb="0"/><line nr="235" mi="2" ci="0" mb="0" cb="0"/><line nr="238" mi="3" ci="0" mb="2" cb="0"/><line nr="239" mi="3" ci="0" mb="0" cb="0"/><line nr="241" mi="1" ci="0" mb="0" cb="0"/><line nr="244" mi="6" ci="0" mb="0" cb="0"/><line nr="245" mi="1" ci="0" mb="0" cb="0"/><line nr="248" mi="4" ci="0" mb="2" cb="0"/><line nr="249" mi="3" ci="0" mb="0" cb="0"/><line nr="251" mi="1" ci="0" mb="0" cb="0"/><line nr="254" mi="4" ci="0" mb="2" cb="0"/><line nr="255" mi="3" ci="0" mb="0" cb="0"/><line nr="256" mi="4" ci="0" mb="0" cb="0"/><line nr="257" mi="4" ci="0" mb="2" cb="0"/><line nr="258" mi="3" ci="0" mb="0" cb="0"/><line nr="259" mi="3" ci="0" mb="0" cb="0"/><line nr="261" mi="1" ci="0" mb="0" cb="0"/><line nr="264" mi="3" ci="0" mb="0" cb="0"/><line nr="265" mi="1" ci="0" mb="0" cb="0"/><line nr="268" mi="4" ci="0" mb="2" cb="0"/><line nr="269" mi="4" ci="0" mb="0" cb="0"/><line nr="270" mi="2" ci="0" mb="0" cb="0"/><line nr="274" mi="0" ci="3" mb="0" cb="0"/><line nr="278" mi="3" ci="0" mb="0" cb="0"/><line nr="282" mi="3" ci="0" mb="0" cb="0"/><line nr="286" mi="3" ci="0" mb="0" cb="0"/><line nr="287" mi="1" ci="0" mb="0" cb="0"/><line nr="290" mi="4" ci="0" mb="0" cb="0"/><line nr="294" mi="4" ci="0" mb="0" cb="0"/><line nr="298" mi="4" ci="0" mb="0" cb="0"/><line nr="302" mi="3" ci="0" mb="0" cb="0"/><line nr="306" mi="4" ci="0" mb="0" cb="0"/><line nr="307" mi="1" ci="0" mb="0" cb="0"/><line nr="310" mi="12" ci="0" mb="0" cb="0"/><line nr="314" mi="4" ci="0" mb="0" cb="0"/><line nr="318" mi="0" ci="3" mb="0" cb="0"/><line nr="319" mi="0" ci="1" mb="0" cb="0"/><line nr="322" mi="3" ci="0" mb="0" cb="0"/><line nr="323" mi="1" ci="0" mb="0" cb="0"/><line nr="326" mi="0" ci="3" mb="0" cb="0"/><line nr="327" mi="0" ci="1" mb="0" cb="0"/><line nr="330" mi="3" ci="0" mb="0" cb="0"/><line nr="331" mi="1" ci="0" mb="0" cb="0"/><line nr="334" mi="0" ci="3" mb="0" cb="0"/><line nr="335" mi="0" ci="1" mb="0" cb="0"/><line nr="338" mi="0" ci="3" mb="0" cb="0"/><line nr="339" mi="0" ci="1" mb="0" cb="0"/><line nr="342" mi="3" ci="0" mb="0" cb="0"/><line nr="343" mi="1" ci="0" mb="0" cb="0"/><line nr="346" mi="3" ci="0" mb="0" cb="0"/><line nr="347" mi="1" ci="0" mb="0" cb="0"/><line nr="350" mi="0" ci="3" mb="0" cb="0"/><line nr="354" mi="4" ci="0" mb="0" cb="0"/><line nr="355" mi="1" ci="0" mb="0" cb="0"/><line nr="358" mi="4" ci="0" mb="0" cb="0"/><counter type="INSTRUCTION" missed="630" covered="56"/><counter type="BRANCH" missed="92" covered="0"/><counter type="LINE" missed="182" covered="19"/><counter type="COMPLEXITY" missed="83" covered="7"/><counter type="METHOD" missed="37" covered="7"/><counter type="CLASS" missed="0" covered="1"/></sourcefile><sourcefile name="MapManager.java"><line nr="24" mi="0" ci="2" mb="0" cb="0"/><line nr="26" mi="0" ci="5" mb="0" cb="0"/><line nr="27" mi="0" ci="1" mb="0" cb="0"/><line nr="30" mi="3" ci="0" mb="2" cb="0"/><line nr="31" mi="1" ci="0" mb="0" cb="0"/><line nr="33" mi="3" ci="0" mb="0" cb="0"/><line nr="34" mi="1" ci="0" mb="0" cb="0"/><line nr="37" mi="3" ci="0" mb="0" cb="0"/><line nr="38" mi="2" ci="0" mb="0" cb="0"/><line nr="39" mi="2" ci="0" mb="0" cb="0"/><line nr="40" mi="8" ci="0" mb="0" cb="0"/><line nr="41" mi="4" ci="0" mb="0" cb="0"/><line nr="42" mi="1" ci="0" mb="0" cb="0"/><line nr="45" mi="0" ci="7" mb="0" cb="0"/><line nr="46" mi="0" ci="13" mb="0" cb="0"/><line nr="48" mi="1" ci="6" mb="1" cb="1"/><line nr="52" mi="5" ci="0" mb="0" cb="0"/><line nr="53" mi="1" ci="0" mb="0" cb="0"/><line nr="56" mi="0" ci="4" mb="0" cb="0"/><line nr="60" mi="4" ci="0" mb="0" cb="0"/><line nr="61" mi="2" ci="0" mb="2" cb="0"/><line nr="62" mi="4" ci="0" mb="0" cb="0"/><line nr="63" mi="2" ci="0" mb="0" cb="0"/><line nr="65" mi="1" ci="0" mb="0" cb="0"/><line nr="68" mi="12" ci="0" mb="4" cb="0"/><line nr="72" mi="4" ci="0" mb="0" cb="0"/><line nr="76" mi="4" ci="0" mb="0" cb="0"/><line nr="80" mi="4" ci="0" mb="0" cb="0"/><line nr="84" mi="4" ci="0" mb="0" cb="0"/><line nr="85" mi="1" ci="0" mb="0" cb="0"/><line nr="88" mi="14" ci="0" mb="4" cb="0"/><line nr="89" mi="5" ci="0" mb="0" cb="0"/><line nr="90" mi="5" ci="0" mb="0" cb="0"/><line nr="91" mi="4" ci="0" mb="0" cb="0"/><line nr="94" mi="2" ci="0" mb="0" cb="0"/><line nr="98" mi="15" ci="0" mb="2" cb="0"/><line nr="102" mi="3" ci="0" mb="2" cb="0"/><line nr="103" mi="1" ci="0" mb="0" cb="0"/><line nr="106" mi="3" ci="0" mb="0" cb="0"/><line nr="107" mi="3" ci="0" mb="0" cb="0"/><line nr="108" mi="3" ci="0" mb="0" cb="0"/><line nr="109" mi="2" ci="0" mb="0" cb="0"/><line nr="110" mi="2" ci="0" mb="0" cb="0"/><line nr="111" mi="3" ci="0" mb="0" cb="0"/><line nr="112" mi="2" ci="0" mb="0" cb="0"/><line nr="113" mi="1" ci="0" mb="0" cb="0"/><line nr="116" mi="3" ci="0" mb="0" cb="0"/><line nr="117" mi="4" ci="0" mb="0" cb="0"/><line nr="118" mi="4" ci="0" mb="0" cb="0"/><line nr="119" mi="4" ci="0" mb="0" cb="0"/><line nr="121" mi="3" ci="0" mb="0" cb="0"/><line nr="123" mi="3" ci="0" mb="2" cb="0"/><line nr="124" mi="3" ci="0" mb="0" cb="0"/><line nr="126" mi="10" ci="0" mb="2" cb="0"/><line nr="127" mi="3" ci="0" mb="0" cb="0"/><line nr="128" mi="4" ci="0" mb="2" cb="0"/><line nr="129" mi="11" ci="0" mb="0" cb="0"/><line nr="130" mi="3" ci="0" mb="0" cb="0"/><line nr="131" mi="3" ci="0" mb="0" cb="0"/><line nr="133" mi="1" ci="0" mb="0" cb="0"/><line nr="135" mi="10" ci="0" mb="2" cb="0"/><line nr="136" mi="3" ci="0" mb="0" cb="0"/><line nr="137" mi="4" ci="0" mb="2" cb="0"/><line nr="138" mi="3" ci="0" mb="0" cb="0"/><line nr="139" mi="4" ci="0" mb="0" cb="0"/><line nr="140" mi="2" ci="0" mb="0" cb="0"/><line nr="142" mi="1" ci="0" mb="0" cb="0"/><line nr="144" mi="12" ci="0" mb="2" cb="0"/><line nr="145" mi="10" ci="0" mb="0" cb="0"/><line nr="146" mi="3" ci="0" mb="0" cb="0"/><line nr="147" mi="3" ci="0" mb="0" cb="0"/><line nr="150" mi="3" ci="0" mb="0" cb="0"/><line nr="151" mi="1" ci="0" mb="0" cb="0"/><line nr="154" mi="3" ci="0" mb="0" cb="0"/><line nr="155" mi="4" ci="0" mb="0" cb="0"/><line nr="157" mi="3" ci="0" mb="0" cb="0"/><line nr="158" mi="10" ci="0" mb="2" cb="0"/><line nr="159" mi="3" ci="0" mb="0" cb="0"/><line nr="160" mi="4" ci="0" mb="2" cb="0"/><line nr="161" mi="3" ci="0" mb="0" cb="0"/><line nr="162" mi="9" ci="0" mb="0" cb="0"/><line nr="163" mi="4" ci="0" mb="0" cb="0"/><line nr="164" mi="2" ci="0" mb="2" cb="0"/><line nr="165" mi="4" ci="0" mb="0" cb="0"/><line nr="167" mi="1" ci="0" mb="0" cb="0"/><line nr="168" mi="1" ci="0" mb="0" cb="0"/><line nr="171" mi="3" ci="0" mb="0" cb="0"/><line nr="172" mi="4" ci="0" mb="0" cb="0"/><line nr="173" mi="4" ci="0" mb="0" cb="0"/><line nr="174" mi="4" ci="0" mb="0" cb="0"/><line nr="176" mi="2" ci="0" mb="0" cb="0"/><line nr="177" mi="3" ci="0" mb="0" cb="0"/><line nr="179" mi="8" ci="0" mb="2" cb="0"/><line nr="181" mi="10" ci="0" mb="2" cb="0"/><line nr="182" mi="8" ci="0" mb="2" cb="0"/><line nr="183" mi="4" ci="0" mb="2" cb="0"/><line nr="184" mi="3" ci="0" mb="0" cb="0"/><line nr="185" mi="2" ci="0" mb="2" cb="0"/><line nr="186" mi="10" ci="0" mb="0" cb="0"/><line nr="188" mi="9" ci="0" mb="0" cb="0"/><line nr="190" mi="1" ci="0" mb="0" cb="0"/><line nr="192" mi="10" ci="0" mb="2" cb="0"/><line nr="193" mi="8" ci="0" mb="2" cb="0"/><line nr="194" mi="4" ci="0" mb="2" cb="0"/><line nr="195" mi="6" ci="0" mb="0" cb="0"/><line nr="196" mi="4" ci="0" mb="0" cb="0"/><line nr="198" mi="1" ci="0" mb="0" cb="0"/><line nr="199" mi="3" ci="0" mb="0" cb="0"/><line nr="202" mi="12" ci="0" mb="4" cb="0"/><line nr="203" mi="3" ci="0" mb="0" cb="0"/><line nr="204" mi="5" ci="0" mb="0" cb="0"/><line nr="207" mi="2" ci="0" mb="2" cb="0"/><line nr="208" mi="3" ci="0" mb="0" cb="0"/><line nr="210" mi="1" ci="0" mb="0" cb="0"/><line nr="213" mi="4" ci="0" mb="0" cb="0"/><line nr="214" mi="4" ci="0" mb="0" cb="0"/><line nr="216" mi="10" ci="0" mb="2" cb="0"/><line nr="217" mi="2" ci="0" mb="0" cb="0"/><line nr="219" mi="10" ci="0" mb="2" cb="0"/><line nr="220" mi="3" ci="0" mb="0" cb="0"/><line nr="221" mi="3" ci="0" mb="0" cb="0"/><line nr="223" mi="3" ci="0" mb="0" cb="0"/><line nr="224" mi="3" ci="0" mb="0" cb="0"/><line nr="226" mi="5" ci="0" mb="2" cb="0"/><line nr="227" mi="3" ci="0" mb="0" cb="0"/><line nr="228" mi="3" ci="0" mb="0" cb="0"/><line nr="231" mi="4" ci="0" mb="2" cb="0"/><line nr="232" mi="5" ci="0" mb="0" cb="0"/><line nr="235" mi="4" ci="0" mb="2" cb="0"/><line nr="236" mi="3" ci="0" mb="0" cb="0"/><line nr="237" mi="3" ci="0" mb="0" cb="0"/><line nr="238" mi="9" ci="0" mb="0" cb="0"/><line nr="239" mi="2" ci="0" mb="0" cb="0"/><line nr="241" mi="1" ci="0" mb="0" cb="0"/><line nr="243" mi="12" ci="0" mb="2" cb="0"/><line nr="244" mi="3" ci="0" mb="0" cb="0"/><line nr="245" mi="3" ci="0" mb="0" cb="0"/><line nr="246" mi="10" ci="0" mb="0" cb="0"/><line nr="249" mi="9" ci="0" mb="4" cb="0"/><line nr="250" mi="3" ci="0" mb="0" cb="0"/><line nr="252" mi="1" ci="0" mb="0" cb="0"/><line nr="253" mi="1" ci="0" mb="0" cb="0"/><line nr="256" mi="4" ci="0" mb="0" cb="
[...]
ounter type="COMPLEXITY" missed="3" covered="0"/><counter type="METHOD" missed="1" covered="0"/></method><method name="jump" desc="(Lcom/AdeAyme/superMarioBros/manager/GameEngine;)V" line="52"><counter type="INSTRUCTION" missed="0" covered="15"/><counter type="BRANCH" missed="1" covered="3"/><counter type="LINE" missed="0" covered="5"/><counter type="COMPLEXITY" missed="1" covered="2"/><counter type="METHOD" missed="0" covered="1"/></method><method name="move" desc="(ZLcom/AdeAyme/superMarioBros/manager/Camera;)V" line="60"><counter type="INSTRUCTION" missed="9" covered="10"/><counter type="BRANCH" missed="3" covered="1"/><counter type="LINE" missed="2" covered="4"/><counter type="COMPLEXITY" missed="2" covered="1"/><counter type="METHOD" missed="0" covered="1"/></method><method name="onTouchEnemy" desc="(Lcom/AdeAyme/superMarioBros/manager/GameEngine;Lcom/AdeAyme/superMarioBros/model/Difficulty;)Z" line="72"><counter type="INSTRUCTION" missed="26" covered="0"/><counter type="BRANCH" missed="2" covered="0"/><counter type="LINE" missed="7" covered="0"/><counter type="COMPLEXITY" missed="2" covered="0"/><counter type="METHOD" missed="1" covered="0"/></method><method name="fire" desc="()Lcom/AdeAyme/superMarioBros/model/hero/Fireball;" line="88"><counter type="INSTRUCTION" missed="19" covered="0"/><counter type="BRANCH" missed="2" covered="0"/><counter type="LINE" missed="4" covered="0"/><counter type="COMPLEXITY" missed="2" covered="0"/><counter type="METHOD" missed="1" covered="0"/></method><method name="acquireCoin" desc="()V" line="101"><counter type="INSTRUCTION" missed="0" covered="7"/><counter type="LINE" missed="0" covered="2"/><counter type="COMPLEXITY" missed="0" covered="1"/><counter type="METHOD" missed="0" covered="1"/></method><method name="acquirePoints" desc="(I)V" line="106"><counter type="INSTRUCTION" missed="0" covered="14"/><counter type="BRANCH" missed="0" covered="2"/><counter type="LINE" missed="0" covered="4"/><counter type="COMPLEXITY" missed="0" covered="2"/><counter type="METHOD" missed="0" covered="1"/></method><method name="getRemainingLives" desc="()I" line="116"><counter type="INSTRUCTION" missed="3" covered="0"/><counter type="LINE" missed="1" covered="0"/><counter type="COMPLEXITY" missed="1" covered="0"/><counter type="METHOD" missed="1" covered="0"/></method><method name="setRemainingLives" desc="(I)V" line="120"><counter type="INSTRUCTION" missed="4" covered="0"/><counter type="LINE" missed="2" covered="0"/><counter type="COMPLEXITY" missed="1" covered="0"/><counter type="METHOD" missed="1" covered="0"/></method><method name="getPoints" desc="()I" line="124"><counter type="INSTRUCTION" missed="0" covered="3"/><counter type="LINE" missed="0" covered="1"/><counter type="COMPLEXITY" missed="0" covered="1"/><counter type="METHOD" missed="0" covered="1"/></method><method name="getCoins" desc="()I" line="128"><counter type="INSTRUCTION" missed="0" covered="3"/><counter type="LINE" missed="0" covered="1"/><counter type="COMPLEXITY" missed="0" covered="1"/><counter type="METHOD" missed="0" covered="1"/></method><method name="getMarioForm" desc="()Lcom/AdeAyme/superMarioBros/model/hero/MarioFormAll;" line="132"><counter type="INSTRUCTION" missed="0" covered="3"/><counter type="LINE" missed="0" covered="1"/><counter type="COMPLEXITY" missed="0" covered="1"/><counter type="METHOD" missed="0" covered="1"/></method><method name="setMarioForm" desc="(Lcom/AdeAyme/superMarioBros/model/hero/MarioFormAll;)V" line="136"><counter type="INSTRUCTION" missed="0" covered="4"/><counter type="LINE" missed="0" covered="2"/><counter type="COMPLEXITY" missed="0" covered="1"/><counter type="METHOD" missed="0" covered="1"/></method><method name="getToRight" desc="()Z" line="140"><counter type="INSTRUCTION" missed="0" covered="3"/><counter type="LINE" missed="0" covered="1"/><counter type="COMPLEXITY" missed="0" covered="1"/><counter type="METHOD" missed="0" covered="1"/></method><method name="resetLocation" desc="()V" line="144"><counter type="INSTRUCTION" missed="0" covered="16"/><counter type="LINE" missed="0" covered="6"/><counter type="COMPLEXITY" missed="0" covered="1"/><counter type="METHOD" missed="0" covered="1"/></method><counter type="INSTRUCTION" missed="92" covered="140"/><counter type="BRANCH" missed="12" covered="6"/><counter type="LINE" missed="21" covered="42"/><counter type="COMPLEXITY" missed="12" covered="13"/><counter type="METHOD" missed="5" covered="11"/><counter type="CLASS" missed="0" covered="1"/></class><class name="com/AdeAyme/superMarioBros/model/hero/MarioSuper" sourcefilename="MarioSuper.java"><method name="&lt;init&gt;" desc="(Lcom/AdeAyme/superMarioBros/view/Animation;Lcom/AdeAyme/superMarioBros/model/hero/Mario;)V" line="12"><counter type="INSTRUCTION" missed="0" covered="10"/><counter type="LINE" missed="0" covered="4"/><counter type="COMPLEXITY" missed="0" covered="1"/><counter type="METHOD" missed="0" covered="1"/></method><method name="getCurrentStyle" desc="(ZZZ)Ljava/awt/image/BufferedImage;" line="21"><counter type="INSTRUCTION" missed="46" covered="0"/><counter type="BRANCH" missed="10" covered="0"/><counter type="LINE" missed="10" covered="0"/><counter type="COMPLEXITY" missed="6" covered="0"/><counter type="METHOD" missed="1" covered="0"/></method><method name="onTouchEnemy" desc="(Lcom/AdeAyme/superMarioBros/view/ImageLoader;Lcom/AdeAyme/superMarioBros/model/hero/Mario;)Lcom/AdeAyme/superMarioBros/model/hero/MarioNormal;" line="45"><counter type="INSTRUCTION" missed="20" covered="0"/><counter type="LINE" missed="4" covered="0"/><counter type="COMPLEXITY" missed="1" covered="0"/><counter type="METHOD" missed="1" covered="0"/></method><counter type="INSTRUCTION" missed="66" covered="10"/><counter type="BRANCH" missed="10" covered="0"/><counter type="LINE" missed="14" covered="4"/><counter type="COMPLEXITY" missed="7" covered="1"/><counter type="METHOD" missed="2" covered="1"/><counter type="CLASS" missed="0" covered="1"/></class><class name="com/AdeAyme/superMarioBros/model/hero/MarioFire" sourcefilename="MarioFire.java"><method name="&lt;init&gt;" desc="(Lcom/AdeAyme/superMarioBros/view/Animation;Lcom/AdeAyme/superMarioBros/model/hero/Mario;)V" line="13"><counter type="INSTRUCTION" missed="0" covered="27"/><counter type="LINE" missed="0" covered="7"/><counter type="COMPLEXITY" missed="0" covered="1"/><counter type="METHOD" missed="0" covered="1"/></method><method name="getCurrentStyle" desc="(ZZZ)Ljava/awt/image/BufferedImage;" line="26"><counter type="INSTRUCTION" missed="46" covered="0"/><counter type="BRANCH" missed="10" covered="0"/><counter type="LINE" missed="10" covered="0"/><counter type="COMPLEXITY" missed="6" covered="0"/><counter type="METHOD" missed="1" covered="0"/></method><method name="onTouchEnemy" desc="(Lcom/AdeAyme/superMarioBros/view/ImageLoader;Lcom/AdeAyme/superMarioBros/model/hero/Mario;)Lcom/AdeAyme/superMarioBros/model/hero/MarioNormal;" line="48"><counter type="INSTRUCTION" missed="20" covered="0"/><counter type="LINE" missed="4" covered="0"/><counter type="COMPLEXITY" missed="1" covered="0"/><counter type="METHOD" missed="1" covered="0"/></method><method name="fire" desc="(ZDD)Lcom/AdeAyme/superMarioBros/model/hero/Fireball;" line="59"><counter type="INSTRUCTION" missed="11" covered="0"/><counter type="LINE" missed="1" covered="0"/><counter type="COMPLEXITY" missed="1" covered="0"/><counter type="METHOD" missed="1" covered="0"/></method><counter type="INSTRUCTION" missed="77" covered="27"/><counter type="BRANCH" missed="10" covered="0"/><counter type="LINE" missed="15" covered="7"/><counter type="COMPLEXITY" missed="8" covered="1"/><counter type="METHOD" missed="3" covered="1"/><counter type="CLASS" missed="0" covered="1"/></class><class name="com/AdeAyme/superMarioBros/model/hero/MarioFormAll" sourcefilename="MarioFormAll.java"/><class name="com/AdeAyme/superMarioBros/model/hero/Fireball" sourcefilename="Fireball.java"><method name="&lt;init&gt;" desc="(DDLjava/awt/image/BufferedImage;Z)V" line="11"><counter type="INSTRUCTION" missed="24" covered="0"/><counter type="BRANCH" missed="2" covered="0"/><counter type="LINE" missed="8" covered="0"/><counter type="COMPLEXITY" missed="2" covered="0"/><counter type="METHOD" missed="1" covered="0"/></method><counter type="INSTRUCTION" missed="24" covered="0"/><counter type="BRANCH" missed="2" covered="0"/><counter type="LINE" missed="8" covered="0"/><counter type="COMPLEXITY" missed="2" covered="0"/><counter type="METHOD" missed="1" covered="0"/><counter type="CLASS" missed="1" covered="0"/></class><class name="com/AdeAyme/superMarioBros/model/hero/MarioForm" sourcefilename="MarioForm.java"><method name="&lt;init&gt;" desc="(Lcom/AdeAyme/superMarioBros/view/Animation;ZZ)V" line="18"><counter type="INSTRUCTION" missed="29" covered="0"/><counter type="LINE" missed="8" covered="0"/><counter type="COMPLEXITY" missed="1" covered="0"/><counter type="METHOD" missed="1" covered="0"/></method><method name="getCurrentStyle" desc="(ZZZ)Ljava/awt/image/BufferedImage;" line="32"><counter type="INSTRUCTION" missed="46" covered="0"/><counter type="BRANCH" missed="10" covered="0"/><counter type="LINE" missed="10" covered="0"/><counter type="COMPLEXITY" missed="6" covered="0"/><counter type="METHOD" missed="1" covered="0"/></method><method name="onTouchEnemy" desc="(Lcom/AdeAyme/superMarioBros/view/ImageLoader;)Lcom/AdeAyme/superMarioBros/model/hero/MarioForm;" line="53"><counter type="INSTRUCTION" missed="21" covered="0"/><counter type="LINE" missed="4" covered="0"/><counter type="COMPLEXITY" missed="1" covered="0"/><counter type="METHOD" missed="1" covered="0"/></method><method name="isSuper" desc="()Z" line="70"><counter type="INSTRUCTION" missed="3" covered="0"/><counter type="LINE" missed="1" covered="0"/><counter type="COMPLEXITY" missed="1" covered="0"/><counter type="METHOD" missed="1" covered="0"/></method><method name="setSuper" desc="(Z)V" line="74"><counter type="INSTRUCTION" missed="4" covered="0"/><counter type="LINE" missed="2" covered="0"/><counter type="COMPLEXITY" missed="1" covered="0"/><counter type="METHOD" missed="1" covered="0"/></method><method name="isFire" desc="()Z" line="78"><counter type="INSTRUCTION" missed="3" covered="0"/><counter type="LINE" missed="1" covered="0"/><counter type="COMPLEXITY" missed="1" covered="0"/><counter type="METHOD" missed="1" covered="0"/></method><counter type="INSTRUCTION" missed="106" covered="0"/><counter type="BRANCH" missed="10" covered="0"/><counter type="LINE" missed="26" covered="0"/><counter type="COMPLEXITY" missed="11" covered="0"/><counter type="METHOD" missed="6" covered="0"/><counter type="CLASS" missed="1" covered="0"/></class><sourcefile name="MarioFire.java"><line nr="13" mi="0" ci="2" mb="0" cb="0"/><line nr="14" mi="0" ci="4" mb="0" cb="0"/><line nr="15" mi="0" ci="3" mb="0" cb="0"/><line nr="16" mi="0" ci="4" mb="0" cb="0"/><line nr="17" mi="0" ci="4" mb="0" cb="0"/><line nr="18" mi="0" ci="9" mb="0" cb="0"/><line nr="20" mi="0" ci="1" mb="0" cb="0"/><line nr="26" mi="4" ci="0" mb="4" cb="0"/><line nr="27" mi="7" ci="0" mb="0" cb="0"/><line nr="29" mi="2" ci="0" mb="2" cb="0"/><line nr="30" mi="7" ci="0" mb="0" cb="0"/><line nr="32" mi="2" ci="0" mb="2" cb="0"/><line nr="33" mi="7" ci="0" mb="0" cb="0"/><line nr="36" mi="2" ci="0" mb="2" cb="0"/><line nr="37" mi="7" ci="0" mb="0" cb="0"/><line nr="40" mi="6" ci="0" mb="0" cb="0"/><line nr="43" mi="2" ci="0" mb="0" cb="0"/><line nr="48" mi="4" ci="0" mb="0" cb="0"/><line nr="49" mi="4" ci="0" mb="0" cb="0"/><line nr="51" mi="6" ci="0" mb="0" cb="0"/><line nr="52" mi="6" ci="0" mb="0" cb="0"/><line nr="59" mi="11" ci="0" mb="0" cb="0"/><counter type="INSTRUCTION" missed="77" covered="27"/><counter type="BRANCH" missed="10" covered="0"/><counter type="LINE" missed="15" covered="7"/><counter type="COMPLEXITY" missed="8" covered="1"/><counter type="METHOD" missed="3" covered="1"/><counter type="CLASS" missed="0" covered="1"/></sourcefile><sourcefile name="Mario.java"><line nr="20" mi="0" ci="3" mb="0" cb="0"/><line nr="23" mi="0" ci="5" mb="0" cb="0"/><line nr="24" mi="0" ci="4" mb="0" cb="0"/><line nr="26" mi="0" ci="3" mb="0" cb="0"/><line nr="27" mi="0" ci="3" mb="0" cb="0"/><line nr="28" mi="0" ci="3" mb="0" cb="0"/><line nr="29" mi="0" ci="3" mb="0" cb="0"/><line nr="31" mi="0" ci="4" mb="0" cb="0"/><line nr="32" mi="0" ci="4" mb="0" cb="0"/><line nr="33" mi="0" ci="4" mb="0" cb="0"/><line nr="35" mi="0" ci="6" mb="0" cb="0"/><line nr="36" mi="0" ci="7" mb="0" cb="0"/><line nr="37" mi="0" ci="9" mb="0" cb="0"/><line nr="38" mi="0" ci="3" mb="0" cb="0"/><line nr="39" mi="0" ci="1" mb="0" cb="0"/><line nr="43" mi="9" ci="0" mb="2" cb="0"/><line nr="44" mi="9" ci="0" mb="2" cb="0"/><line nr="46" mi="9" ci="0" mb="0" cb="0"/><line nr="48" mi="3" ci="0" mb="0" cb="0"/><line nr="49" mi="1" ci="0" mb="0" cb="0"/><line nr="52" mi="0" ci="6" mb="1" cb="3"/><line nr="53" mi="0" ci="3" mb="0" cb="0"/><line nr="54" mi="0" ci="3" mb="0" cb="0"/><line nr="55" mi="0" ci="2" mb="0" cb="0"/><line nr="57" mi="0" ci="1" mb="0" cb="0"/><line nr="60" mi="0" ci="2" mb="1" cb="1"/><line nr="61" mi="0" ci="4" mb="0" cb="0"/><line nr="63" mi="6" ci="0" mb="2" cb="0"/><line nr="64" mi="3" ci="0" mb="0" cb="0"/><line nr="67" mi="0" ci="3" mb="0" cb="0"/><line nr="68" mi="0" ci="1" mb="0" cb="0"/><line nr="72" mi="4" ci="0" mb="2" cb="0"/><line nr="74" mi="6" ci="0" mb="0" cb="0"/><line nr="75" mi="2" ci="0" mb="0" cb="0"/><line nr="76" mi="2" ci="0" mb="0" cb="0"/><line nr="80" mi="2" ci="0" mb="0" cb="0"/><line nr="81" mi="8" ci="0" mb="0" cb="0"/><line nr="82" mi="2" ci="0" mb="0" cb="0"/><line nr="88" mi="4" ci="0" mb="2" cb="0"/><line nr="90" mi="4" ci="0" mb="0" cb="0"/><line nr="92" mi="9" ci="0" mb="0" cb="0"/><line nr="95" mi="2" ci="0" mb="0" cb="0"/><line nr="101" mi="0" ci="6" mb="0" cb="0"/><line nr="102" mi="0" ci="1" mb="0" cb="0"/><line nr="106" mi="0" ci="6" mb="0" cb="0"/><line nr="108" mi="0" ci="4" mb="0" cb="2"/><line nr="109" mi="0" ci="3" mb="0" cb="0"/><line nr="113" mi="0" ci="1" mb="0" cb="0"/><line nr="116" mi="3" ci="0" mb="0" cb="0"/><line nr="120" mi="3" ci="0" mb="0" cb="0"/><line nr="121" mi="1" ci="0" mb="0" cb="0"/><line nr="124" mi="0" ci="3" mb="0" cb="0"/><line nr="128" mi="0" ci="3" mb="0" cb="0"/><line nr="132" mi="0" ci="3" mb="0" cb="0"/><line nr="136" mi="0" ci="3" mb="0" cb="0"/><line nr="137" mi="0" ci="1" mb="0" cb="0"/><line nr="140" mi="0" ci="3" mb="0" cb="0"/><line nr="144" mi="0" ci="3" mb="0" cb="0"/><line nr="145" mi="0" ci="3" mb="0" cb="0"/><line nr="146" mi="0" ci="3" mb="0" cb="0"/><line nr="147" mi="0" ci="3" mb="0" cb="0"/><line nr="148" mi="0" ci="3" mb="0" cb="0"/><line nr="149" mi="0" ci="1" mb="0" cb="0"/><counter type="INSTRUCTION" missed="92" covered="140"/><counter type="BRANCH" missed="12" covered="6"/><counter type="LINE" missed="21" covered="42"/><counter type="COMPLEXITY" missed="12" covered="13"/><counter type="METHOD" missed="5" covered="11"/><counter type="CLASS" missed="0" covered="1"/></sourcefile><sourcefile name="Fireball.java"><line nr="11" mi="5" ci="0" mb="0" cb="0"/><line nr="12" mi="4" ci="0" mb="0" cb="0"/><line nr="13" mi="3" ci="0" mb="0" cb="0"/><line nr="14" mi="3" ci="0" mb="0" cb="0"/><line nr="15" mi="3" ci="0" mb="0" cb="0"/><line nr="17" mi="2" ci="0" mb="2" cb="0"/><line nr="18" mi="3" ci="0" mb="0" cb="0"/><line nr="19" mi="1" ci="0" mb="0" cb="0"/><counter type="INSTRUCTION" missed="24" covered="0"/><counter type="BRANCH" missed="2" covered="0"/><counter type="LINE" missed="8" covered="0"/><counter type="COMPLEXITY" missed="2" covered="0"/><counter type="METHOD" missed="1" covered="0"/><counter type="CLASS" missed="1" covered="0"/></sourcefile><sourcefile name="MarioFormAll.java"/><sourcefile name="MarioForm.java"><line nr="18" mi="2" ci="0" mb="0" cb="0"/><line nr="19" mi="3" ci="0" mb="0" cb="0"/><line nr="20" mi="3" ci="0" mb="0" cb="0"/><line nr="21" mi="3" ci="0" mb="0" cb="0"/><line nr="23" mi="4" ci="0" mb="0" cb="0"/><line nr="24" mi="4" ci="0" mb="0" cb="0"/><line nr="25" mi="9" ci="0" mb="0" cb="0"/><line nr="26" mi="1" ci="0" mb="0" cb="0"/><line nr="32" mi="4" ci="0" mb="4" cb="0"/><line nr="33" mi="7" ci="0" mb="0" cb="0"/><line nr="35" mi="2" ci="0" mb="2" cb="0"/><line nr="36" mi="7" ci="0" mb="0" cb="0"/><line nr="38" mi="2" ci="0" mb="2" cb="0"/><line nr="39" mi="7" ci="0" mb="0" cb="0"/><line nr="42" mi="2" ci="0" mb="2" cb="0"/><line nr="43" mi="7" ci="0" mb="0" cb="0"/><line nr="46" mi="6" ci="0" mb="0" cb="0"/><line nr="49" mi="2" ci="0" mb="0" cb="0"/><line nr="53" mi="4" ci="0" mb="0" cb="0"/><line nr="54" mi="4" ci="0" mb="0" cb="0"/><line nr="56" mi="6" ci="0" mb="0" cb="0"/><line nr="58" mi="7" ci="0" mb="0" cb="0"/><line nr="70" mi="3" ci="0" mb="0" cb="0"/><line nr="74" mi="3" ci="0" mb="0" cb="0"/><line nr="75" mi="1" ci="0" mb="0" cb="0"/><line nr="78" mi="3" ci="0" mb="0" cb="0"/><counter type="INSTRUCTION" missed="106" covered="0"/><counter type="BRANCH" missed="10" covered="0"/><counter type="LINE" missed="26" covered="0"/><counter type="COMPLEXITY" missed="11" covered="0"/><counter type="METHOD" missed="6" covered="0"/><counter type="CLASS" missed="1" covered="0"/></sourcefile><sourcefile name="MarioSuper.java"><line nr="12" mi="0" ci="2" mb="0" cb="0"/><line nr="13" mi="0" ci="3" mb="0" cb="0"/><line nr="14" mi="0" ci="4" mb="0" cb="0"/><line nr="15" mi="0" ci="1" mb="0" cb="0"/><line nr="21" mi="4" ci="0" mb="4" cb="0"/><line nr="22" mi="7" ci="0" mb="0" cb="0"/><line nr="24" mi="2" ci="0" mb="2" cb="0"/><line nr="25" mi="7" ci="0" mb="0" cb="0"/><line nr="27" mi="2" ci="0" mb="2" cb="0"/><line nr="28" mi="7" ci="0" mb="0" cb="0"/><line nr="31" mi="2" ci="0" mb="2" cb="0"/><line nr="32" mi="7" ci="0" mb="0" cb="0"/><line nr="35" mi="6" ci="0" mb="0" cb="0"/><line nr="38" mi="2" ci="0" mb="0" cb="0"/><line nr="45" mi="4" ci="0" mb="0" cb="0"/><line nr="46" mi="4" ci="0" mb="0" cb="0"/><line nr="48" mi="6" ci="0" mb="0" cb="0"/><line nr="50" mi="6" ci="0" mb="0" cb="0"/><counter type="INSTRUCTION" missed="66" covered="10"/><counter type="BRANCH" missed="10" covered="0"/><counter type="LINE" missed="14" covered="4"/><counter type="COMPLEXITY" missed="7" covered="1"/><counter type="METHOD" missed="2" covered="1"/><counter type="CLASS" missed="0" covered="1"/></sourcefile><sourcefile name="MarioNormal.java"><line nr="10" mi="0" ci="2" mb="0" cb="0"/><line nr="11" mi="0" ci="4" mb="0" cb="0"/><line nr="12" mi="0" ci="3" mb="0" cb="0"/><line nr="13" mi="0" ci="1" mb="0" cb="0"/><line nr="23" mi="2" ci="2" mb="3" cb="1"/><line nr="24" mi="7" ci="0" mb="0" cb="0"/><line nr="26" mi="0" ci="2" mb="1" cb="1"/><line nr="27" mi="7" ci="0" mb="0" cb="0"/><line nr="29" mi="0" ci="2" mb="1" cb="1"/><line nr="30" mi="7" ci="0" mb="0" cb="0"/><line nr="33" mi="0" ci="2" mb="1" cb="1"/><line nr="34" mi="0" ci="7" mb="0" cb="0"/><line nr="37" mi="6" ci="0" mb="0" cb="0"/><line nr="40" mi="0" ci="2" mb="0" cb="0"/><line nr="43" mi="3" ci="0" mb="0" cb="0"/><line nr="44" mi="2" ci="0" mb="0" cb="0"/><counter type="INSTRUCTION" missed="34" covered="27"/><counter type="BRANCH" missed="6" covered="4"/><counter type="LINE" missed="6" covered="10"/><counter type="COMPLEXITY" missed="6" covered="2"/><counter type="METHOD" missed="1" covered="2"/><counter type="CLASS" missed="0" covered="1"/></sourcefile><counter type="INSTRUCTION" missed="399" covered="204"/><counter type="BRANCH" missed="50" covered="10"/><counter type="LINE" missed="90" covered="63"/><counter type="COMPLEXITY" missed="46" covered="17"/><counter type="METHOD" missed="18" covered="15"/><counter type="CLASS" missed="2" covered="4"/></package><counter type="INSTRUCTION" missed="4135" covered="1696"/><counter type="BRANCH" missed="449" covered="65"/><counter type="LINE" missed="991" covered="447"/><counter type="COMPLEXITY" missed="426" covered="134"/><counter type="METHOD" missed="195" covered="108"/><counter type="CLASS" missed="8" covered="29"/></report>